#
# A fatal error has been detected by the Java Runtime Environment:
#
#  Internal Error (0xc000000d), pid=17512, tid=28928
#
# JRE version: OpenJDK Runtime Environment AdoptOpenJDK (11.0.10+9) (build 11.0.10+9)
# Java VM: OpenJDK 64-Bit Server VM AdoptOpenJDK (11.0.10+9, mixed mode, tiered, compressed oops, g1 gc, windows-amd64)
# Problematic frame:
# C  [ntdll.dll+0x10f040]
#
# No core dump will be written. Minidumps are not enabled by default on client versions of Windows
#
# If you would like to submit a bug report, please visit:
#   https://github.com/AdoptOpenJDK/openjdk-support/issues
#

---------------  S U M M A R Y ------------

Command Line: -Djava.library.path=D:\Documents\opencv\build\java\x64 -javaagent:C:\Program Files\JetBrains\IntelliJ IDEA Community Edition 2020.3.2\lib\idea_rt.jar=53471:C:\Program Files\JetBrains\IntelliJ IDEA Community Edition 2020.3.2\bin -Dfile.encoding=UTF-8 main.java.ThresholdInRange

Host: Intel(R) Core(TM) i7-9750H CPU @ 2.60GHz, 12 cores, 15G,  Windows 10 , 64 bit Build 18362 (10.0.18362.1350)
Time: Wed Mar 10 23:21:20 2021 Eastern Standard Time elapsed time: 6.518666 seconds (0d 0h 0m 6s)

---------------  T H R E A D  ---------------

Current thread (0x000001bbbc993800):  VMThread "VM Thread" [stack: 0x0000002962b00000,0x0000002962c00000] [id=28928]

Stack: [0x0000002962b00000,0x0000002962c00000],  sp=0x0000002962bfe570,  free space=1017k
Native frames: (J=compiled Java code, j=interpreted, Vv=VM code, C=native code)
C  [ntdll.dll+0x10f040]
C  [ntdll.dll+0x3653b]
C  [ntdll.dll+0x36584]
C  [RTWorkQ.DLL+0xa7a9]


siginfo: EXCEPTION_?? (0xc000000d)


Register to memory mapping:

RIP=0x00007ff93884f040 ntdll.dll
RAX=0xd5df00ad0cdd0141 is an unknown value
RBX=0x000001bbbd2b8d10 points into unknown readable memory: 0x0000000000000001 | 01 00 00 00 00 00 00 00
RCX=0xb9e6009b19e60122 is an unknown value
RDX=0xd1e90140ebe7012b is an unknown value
RSP=0x0000002962bfe570 points into unknown readable memory: 0x0000002900000057 | 57 00 00 00 29 00 00 00
RBP=0x000001bbbe6d7140 points into unknown readable memory: 0x00007ff92ebf8008 | 08 80 bf 2e f9 7f 00 00
RSI=0x000001bbbe6d7378 points into unknown readable memory: 0x00007ff92ebf8440 | 40 84 bf 2e f9 7f 00 00
RDI=0x000001bbbe6c3e20 points into unknown readable memory: 0x0000000000000000 | 00 00 00 00 00 00 00 00
R8 =0x00d1a87b00902c68 is an unknown value
R9 =0x0085838a00ca818a is an unknown value
R10=0x00f84fad00ff279f is an unknown value
R11=0x682a000001410002 is an unknown value
R12=0x0 is NULL
R13=0x0 is NULL
R14=0x000001bbbe6e2a70 points into unknown readable memory: 0x00007ff92ebf8620 | 20 86 bf 2e f9 7f 00 00
R15=0x000001bbbe6cac70 points into unknown readable memory: 0x00007ff92ebf85d0 | d0 85 bf 2e f9 7f 00 00


Registers:
RAX=0xd5df00ad0cdd0141, RBX=0x000001bbbd2b8d10, RCX=0xb9e6009b19e60122, RDX=0xd1e90140ebe7012b
RSP=0x0000002962bfe570, RBP=0x000001bbbe6d7140, RSI=0x000001bbbe6d7378, RDI=0x000001bbbe6c3e20
R8 =0x00d1a87b00902c68, R9 =0x0085838a00ca818a, R10=0x00f84fad00ff279f, R11=0x682a000001410002
R12=0x0000000000000000, R13=0x0000000000000000, R14=0x000001bbbe6e2a70, R15=0x000001bbbe6cac70
RIP=0x00007ff93884f040, EFLAGS=0x0000000000000202

Top of Stack: (sp=0x0000002962bfe570)
0x0000002962bfe570:   0000002900000057 000001bbbd2b8d10
0x0000002962bfe580:   000001bbbe6d7378 0000000000000000
0x0000002962bfe590:   00000000c000000d 0000000000000000
0x0000002962bfe5a0:   00007ff93884f040 0000000000000000
0x0000002962bfe5b0:   0000000000000000 0000000000000000
0x0000002962bfe5c0:   0000000000000000 0000000000000000
0x0000002962bfe5d0:   0000000000000000 0000000000000000
0x0000002962bfe5e0:   0000000000000000 0000000000000000
0x0000002962bfe5f0:   0000000000000000 0000000000000000
0x0000002962bfe600:   0000000000000000 0000000000000000
0x0000002962bfe610:   0000000000000000 0000000000000000
0x0000002962bfe620:   0000000000000000 0000000000000000
0x0000002962bfe630:   0000ec99582636e1 0000000000000000
0x0000002962bfe640:   0000000000000000 00007ff93877653b
0x0000002962bfe650:   0000000000000000 0000000000000000
0x0000002962bfe660:   0000000000000000 0000000000000000 

Instructions: (pc=0x00007ff93884f040)
0x00007ff93884ef40:   5f c3 cc cc cc cc cc cc 48 81 ec d8 00 00 00 48
0x00007ff93884ef50:   8b 05 aa e5 06 00 48 33 c4 48 89 84 24 c0 00 00
0x00007ff93884ef60:   00 4d 85 c0 74 33 4d 8b 48 50 48 8d 05 8f fa f1
0x00007ff93884ef70:   ff c7 44 24 38 05 00 00 00 4c 3b c8 75 0a 49 8b
0x00007ff93884ef80:   40 58 4c 8b 50 20 eb 03 45 33 d2 4d 85 d2 4d 0f
0x00007ff93884ef90:   45 ca 4c 89 4c 24 60 eb 08 c7 44 24 38 04 00 00
0x00007ff93884efa0:   00 48 83 64 24 28 00 48 83 64 24 58 00 48 63 c1
0x00007ff93884efb0:   48 8d 4c 24 20 48 89 44 24 40 c7 44 24 20 0a 07
0x00007ff93884efc0:   00 c0 48 89 54 24 48 4c 89 44 24 50 c7 44 24 24
0x00007ff93884efd0:   01 00 00 00 e8 67 b7 f5 ff 48 8b 8c 24 c0 00 00
0x00007ff93884efe0:   00 48 33 cc e8 67 de f7 ff 48 81 c4 d8 00 00 00
0x00007ff93884eff0:   c3 cc cc cc cc cc cc cc 48 81 ec d8 00 00 00 48
0x00007ff93884f000:   8b 05 fa e4 06 00 48 33 c4 48 89 84 24 c0 00 00
0x00007ff93884f010:   00 33 d2 41 b8 94 00 00 00 48 8d 4c 24 24 e8 9d
0x00007ff93884f020:   4c f9 ff c7 44 24 20 0d 00 00 c0 b9 57 00 00 00
0x00007ff93884f030:   e8 fb 4b f4 ff 90 48 8d 4c 24 20 e8 00 b7 f5 ff
0x00007ff93884f040:   eb 00 48 8b 8c 24 c0 00 00 00 48 33 cc e8 fe dd
0x00007ff93884f050:   f7 ff 48 81 c4 d8 00 00 00 c3 40 55 48 83 ec 20
0x00007ff93884f060:   48 8b ea e8 10 00 00 00 90 48 83 c4 20 5d c3 cc
0x00007ff93884f070:   cc cc cc cc cc cc cc cc 48 83 ec 28 48 8b 51 08
0x00007ff93884f080:   41 b8 03 00 00 00 48 8b 09 e8 72 c8 fc ff 33 c0
0x00007ff93884f090:   48 83 c4 28 c3 cc cc cc cc cc cc cc 48 8b 01 48
0x00007ff93884f0a0:   83 c9 ff 8b 10 e9 56 e2 f8 ff cc cc cc cc cc cc
0x00007ff93884f0b0:   4c 8b dc 48 81 ec 88 00 00 00 48 8b 05 3f e4 06
0x00007ff93884f0c0:   00 48 33 c4 48 89 44 24 70 48 8b 84 24 b0 00 00
0x00007ff93884f0d0:   00 41 ba 24 1c 00 00 49 89 43 d8 8b 84 24 b8 00
0x00007ff93884f0e0:   00 00 66 45 89 53 9e 49 89 4b b8 49 89 53 c0 4d
0x00007ff93884f0f0:   89 43 c8 4d 89 4b d0 89 44 24 68 e8 80 16 f3 ff
0x00007ff93884f100:   85 c0 74 19 65 48 8b 04 25 60 00 00 00 48 8b 88
0x00007ff93884f110:   90 00 00 00 48 81 c1 2c 02 00 00 eb 05 b9 86 03
0x00007ff93884f120:   fe 7f 0f b6 09 4c 8d 4c 24 20 ba 03 04 00 00 41
0x00007ff93884f130:   b8 2c 00 00 00 e8 f6 e7 f8 ff 48 8b 4c 24 70 48 


Stack slot to memory mapping:
stack at sp + 0 slots: 0x0000002900000057 is an unknown value
stack at sp + 1 slots: 0x000001bbbd2b8d10 points into unknown readable memory: 0x0000000000000001 | 01 00 00 00 00 00 00 00
stack at sp + 2 slots: 0x000001bbbe6d7378 points into unknown readable memory: 0x00007ff92ebf8440 | 40 84 bf 2e f9 7f 00 00
stack at sp + 3 slots: 0x0 is NULL
stack at sp + 4 slots: 0x00000000c000000d is an unknown value
stack at sp + 5 slots: 0x0 is NULL
stack at sp + 6 slots: 0x00007ff93884f040 ntdll.dll
stack at sp + 7 slots: 0x0 is NULL

VM_Operation (0x00000029635fb170): Exit, mode: safepoint, requested by thread 0x000001bbbd44a000


---------------  P R O C E S S  ---------------

Threads class SMR info:
_java_thread_list=0x000001bbbdd80970, length=16, elements={
0x000001bbbd243000, 0x000001bbbd24c800, 0x000001bbbd295800, 0x000001bbbd296800,
0x000001bbbd29a800, 0x000001bbbd2a7000, 0x000001bbbd2aa800, 0x000001bbbd2c1800,
0x000001bbbd220800, 0x000001bbbd6c4000, 0x000001bbbd91c000, 0x000001bbbd901000,
0x000001bbbd44a000, 0x000001bb9894f000, 0x000001bbc528f000, 0x000001bbbde85800
}

Java Threads: ( => current thread )
  0x000001bbbd243000 JavaThread "Reference Handler" daemon [_thread_blocked, id=18224, stack(0x0000002962c00000,0x0000002962d00000)]
  0x000001bbbd24c800 JavaThread "Finalizer" daemon [_thread_blocked, id=28536, stack(0x0000002962d00000,0x0000002962e00000)]
  0x000001bbbd295800 JavaThread "Signal Dispatcher" daemon [_thread_blocked, id=21708, stack(0x0000002962e00000,0x0000002962f00000)]
  0x000001bbbd296800 JavaThread "Attach Listener" daemon [_thread_blocked, id=23372, stack(0x0000002962f00000,0x0000002963000000)]
  0x000001bbbd29a800 JavaThread "Service Thread" daemon [_thread_blocked, id=28680, stack(0x0000002963000000,0x0000002963100000)]
  0x000001bbbd2a7000 JavaThread "C2 CompilerThread0" daemon [_thread_blocked, id=23168, stack(0x0000002963100000,0x0000002963200000)]
  0x000001bbbd2aa800 JavaThread "C1 CompilerThread0" daemon [_thread_blocked, id=15256, stack(0x0000002963200000,0x0000002963300000)]
  0x000001bbbd2c1800 JavaThread "Sweeper thread" daemon [_thread_blocked, id=18484, stack(0x0000002963300000,0x0000002963400000)]
  0x000001bbbd220800 JavaThread "Common-Cleaner" daemon [_thread_blocked, id=25360, stack(0x0000002963400000,0x0000002963500000)]
  0x000001bbbd6c4000 JavaThread "Monitor Ctrl-Break" daemon [_thread_in_native, id=4728, stack(0x0000002963600000,0x0000002963700000)]
  0x000001bbbd91c000 JavaThread "Java2D Disposer" daemon [_thread_blocked, id=15348, stack(0x0000002963800000,0x0000002963900000)]
  0x000001bbbd901000 JavaThread "AWT-Shutdown" [_thread_blocked, id=21720, stack(0x0000002963900000,0x0000002963a00000)]
  0x000001bbbd44a000 JavaThread "AWT-EventQueue-0" [_thread_blocked, id=3492, stack(0x0000002963500000,0x0000002963600000)]
  0x000001bb9894f000 JavaThread "DestroyJavaVM" [_thread_blocked, id=11420, stack(0x0000002962500000,0x0000002962600000)]
  0x000001bbc528f000 JavaThread "SwingWorker-pool-1-thread-1" daemon [_thread_blocked, id=8340, stack(0x0000002964500000,0x0000002964600000)]
  0x000001bbbde85800 JavaThread "TimerQueue" daemon [_thread_blocked, id=15676, stack(0x0000002964600000,0x0000002964700000)]

Other Threads:
=>0x000001bbbc993800 VMThread "VM Thread" [stack: 0x0000002962b00000,0x0000002962c00000] [id=28928]
  0x000001bb98967000 GCTaskThread "GC Thread#0" [stack: 0x0000002962600000,0x0000002962700000] [id=22940]
  0x000001bbc98b4800 GCTaskThread "GC Thread#1" [stack: 0x0000002964400000,0x0000002964500000] [id=23508]
  0x000001bbc98b5000 GCTaskThread "GC Thread#2" [stack: 0x0000002964b00000,0x0000002964c00000] [id=27632]
  0x000001bbc98b6800 GCTaskThread "GC Thread#3" [stack: 0x0000002964c00000,0x0000002964d00000] [id=27304]
  0x000001bbc98b7800 GCTaskThread "GC Thread#4" [stack: 0x0000002964d00000,0x0000002964e00000] [id=27940]
  0x000001bbbdd7a800 GCTaskThread "GC Thread#5" [stack: 0x0000002964e00000,0x0000002964f00000] [id=8944]
  0x000001bb989c7800 ConcurrentGCThread "G1 Main Marker" [stack: 0x0000002962700000,0x0000002962800000] [id=20744]
  0x000001bb989cb000 ConcurrentGCThread "G1 Conc#0" [stack: 0x0000002962800000,0x0000002962900000] [id=19716]
  0x000001bbbc873800 ConcurrentGCThread "G1 Refine#0" [stack: 0x0000002962900000,0x0000002962a00000] [id=25056]
  0x000001bbbc874800 ConcurrentGCThread "G1 Young RemSet Sampling" [stack: 0x0000002962a00000,0x0000002962b00000] [id=25060]

Threads with active compile tasks:

VM state:at safepoint (shutting down)

VM Mutex/Monitor currently owned by a thread:  ([mutex/lock_event])
[0x000001bb9894bbe0] Threads_lock - owner thread: 0x000001bbbc993800

Heap address: 0x0000000702c00000, size: 4052 MB, Compressed Oops mode: Zero based, Oop shift amount: 3
Narrow klass base: 0x0000000800000000, Narrow klass shift: 0
Compressed class space size: 1073741824 Address: 0x0000000800000000

Heap:
 garbage-first heap   total 260096K, used 54204K [0x0000000702c00000, 0x0000000800000000)
  region size 1024K, 13 young (13312K), 3 survivors (3072K)
 Metaspace       used 16563K, capacity 16975K, committed 17280K, reserved 1064960K
  class space    used 1667K, capacity 1861K, committed 1920K, reserved 1048576K
Heap Regions: E=young(eden), S=young(survivor), O=old, HS=humongous(starts), HC=humongous(continues), CS=collection set, F=free, A=archive, TAMS=top-at-mark-start (previous, next)
|   0|0x0000000702c00000, 0x0000000702d00000, 0x0000000702d00000|100%|HS|  |TAMS 0x0000000702c00000, 0x0000000702c00000| Complete 
|   1|0x0000000702d00000, 0x0000000702e00000, 0x0000000702e00000|100%|HS|  |TAMS 0x0000000702d00000, 0x0000000702d00000| Complete 
|   2|0x0000000702e00000, 0x0000000702f00000, 0x0000000702f00000|100%|HS|  |TAMS 0x0000000702e00000, 0x0000000702e00000| Complete 
|   3|0x0000000702f00000, 0x0000000703000000, 0x0000000703000000|100%|HS|  |TAMS 0x0000000702f00000, 0x0000000702f00000| Complete 
|   4|0x0000000703000000, 0x0000000703100000, 0x0000000703100000|100%|HC|  |TAMS 0x0000000703000000, 0x0000000703000000| Complete 
|   5|0x0000000703100000, 0x0000000703200000, 0x0000000703200000|100%|HC|  |TAMS 0x0000000703100000, 0x0000000703100000| Complete 
|   6|0x0000000703200000, 0x0000000703300000, 0x0000000703300000|100%|HC|  |TAMS 0x0000000703200000, 0x0000000703200000| Complete 
|   7|0x0000000703300000, 0x0000000703400000, 0x0000000703400000|100%|HC|  |TAMS 0x0000000703300000, 0x0000000703300000| Complete 
|   8|0x0000000703400000, 0x0000000703500000, 0x0000000703500000|100%|HS|  |TAMS 0x0000000703400000, 0x0000000703400000| Complete 
|   9|0x0000000703500000, 0x0000000703600000, 0x0000000703600000|100%|HS|  |TAMS 0x0000000703500000, 0x0000000703500000| Complete 
|  10|0x0000000703600000, 0x0000000703700000, 0x0000000703700000|100%|HS|  |TAMS 0x0000000703600000, 0x0000000703600000| Complete 
|  11|0x0000000703700000, 0x0000000703800000, 0x0000000703800000|100%|HS|  |TAMS 0x0000000703700000, 0x0000000703700000| Complete 
|  12|0x0000000703800000, 0x0000000703900000, 0x0000000703900000|100%|HS|  |TAMS 0x0000000703800000, 0x0000000703800000| Complete 
|  13|0x0000000703900000, 0x0000000703a00000, 0x0000000703a00000|100%|HS|  |TAMS 0x0000000703900000, 0x0000000703900000| Complete 
|  14|0x0000000703a00000, 0x0000000703b00000, 0x0000000703b00000|100%|HS|  |TAMS 0x0000000703a00000, 0x0000000703a00000| Complete 
|  15|0x0000000703b00000, 0x0000000703c00000, 0x0000000703c00000|100%|HS|  |TAMS 0x0000000703b00000, 0x0000000703b00000| Complete 
|  16|0x0000000703c00000, 0x0000000703d00000, 0x0000000703d00000|100%|HS|  |TAMS 0x0000000703c00000, 0x0000000703c00000| Complete 
|  17|0x0000000703d00000, 0x0000000703e00000, 0x0000000703e00000|100%|HS|  |TAMS 0x0000000703d00000, 0x0000000703d00000| Complete 
|  18|0x0000000703e00000, 0x0000000703f00000, 0x0000000703f00000|100%|HS|  |TAMS 0x0000000703e00000, 0x0000000703e00000| Complete 
|  19|0x0000000703f00000, 0x0000000704000000, 0x0000000704000000|100%|HS|  |TAMS 0x0000000703f00000, 0x0000000703f00000| Complete 
|  20|0x0000000704000000, 0x0000000704100000, 0x0000000704100000|100%|HS|  |TAMS 0x0000000704000000, 0x0000000704000000| Complete 
|  21|0x0000000704100000, 0x0000000704200000, 0x0000000704200000|100%|HS|  |TAMS 0x0000000704100000, 0x0000000704100000| Complete 
|  22|0x0000000704200000, 0x0000000704300000, 0x0000000704300000|100%|HS|  |TAMS 0x0000000704200000, 0x0000000704200000| Complete 
|  23|0x0000000704300000, 0x0000000704400000, 0x0000000704400000|100%|HS|  |TAMS 0x0000000704300000, 0x0000000704300000| Complete 
|  24|0x0000000704400000, 0x0000000704500000, 0x0000000704500000|100%|HS|  |TAMS 0x0000000704400000, 0x0000000704400000| Complete 
|  25|0x0000000704500000, 0x0000000704600000, 0x0000000704600000|100%|HS|  |TAMS 0x0000000704500000, 0x0000000704500000| Complete 
|  26|0x0000000704600000, 0x0000000704700000, 0x0000000704700000|100%|HS|  |TAMS 0x0000000704600000, 0x0000000704600000| Complete 
|  27|0x0000000704700000, 0x0000000704800000, 0x0000000704800000|100%|HS|  |TAMS 0x0000000704700000, 0x0000000704700000| Complete 
|  28|0x0000000704800000, 0x0000000704900000, 0x0000000704900000|100%|HS|  |TAMS 0x0000000704800000, 0x0000000704800000| Complete 
|  29|0x0000000704900000, 0x0000000704a00000, 0x0000000704a00000|100%|HS|  |TAMS 0x0000000704900000, 0x0000000704900000| Complete 
|  30|0x0000000704a00000, 0x0000000704b00000, 0x0000000704b00000|100%|HS|  |TAMS 0x0000000704a00000, 0x0000000704a00000| Complete 
|  31|0x0000000704b00000, 0x0000000704c00000, 0x0000000704c00000|100%|HS|  |TAMS 0x0000000704b00000, 0x0000000704b00000| Complete 
|  32|0x0000000704c00000, 0x0000000704d00000, 0x0000000704d00000|100%|HS|  |TAMS 0x0000000704c00000, 0x0000000704c00000| Complete 
|  33|0x0000000704d00000, 0x0000000704e00000, 0x0000000704e00000|100%|HS|  |TAMS 0x0000000704d00000, 0x0000000704d00000| Complete 
|  34|0x0000000704e00000, 0x0000000704eef200, 0x0000000704f00000| 93%| O|  |TAMS 0x0000000704e00000, 0x0000000704e00000| Untracked 
|  35|0x0000000704f00000, 0x0000000705000000, 0x0000000705000000|100%|HS|  |TAMS 0x0000000704f00000, 0x0000000704f00000| Complete 
|  36|0x0000000705000000, 0x0000000705100000, 0x0000000705100000|100%|HS|  |TAMS 0x0000000705000000, 0x0000000705000000| Complete 
|  37|0x0000000705100000, 0x0000000705200000, 0x0000000705200000|100%|HS|  |TAMS 0x0000000705100000, 0x0000000705100000| Complete 
|  38|0x0000000705200000, 0x0000000705300000, 0x0000000705300000|100%|HS|  |TAMS 0x0000000705200000, 0x0000000705200000| Complete 
|  39|0x0000000705300000, 0x0000000705400000, 0x0000000705400000|100%|HS|  |TAMS 0x0000000705300000, 0x0000000705300000| Complete 
|  40|0x0000000705400000, 0x0000000705500000, 0x0000000705500000|100%|HS|  |TAMS 0x0000000705400000, 0x0000000705400000| Complete 
|  41|0x0000000705500000, 0x0000000705600000, 0x0000000705600000|100%|HS|  |TAMS 0x0000000705500000, 0x0000000705500000| Complete 
|  42|0x0000000705600000, 0x0000000705600000, 0x0000000705700000|  0%| F|  |TAMS 0x0000000705600000, 0x0000000705600000| Untracked 
|  43|0x0000000705700000, 0x0000000705700000, 0x0000000705800000|  0%| F|  |TAMS 0x0000000705700000, 0x0000000705700000| Untracked 
|  44|0x0000000705800000, 0x0000000705800000, 0x0000000705900000|  0%| F|  |TAMS 0x0000000705800000, 0x0000000705800000| Untracked 
|  45|0x0000000705900000, 0x0000000705900000, 0x0000000705a00000|  0%| F|  |TAMS 0x0000000705900000, 0x0000000705900000| Untracked 
|  46|0x0000000705a00000, 0x0000000705a00000, 0x0000000705b00000|  0%| F|  |TAMS 0x0000000705a00000, 0x0000000705a00000| Untracked 
|  47|0x0000000705b00000, 0x0000000705b00000, 0x0000000705c00000|  0%| F|  |TAMS 0x0000000705b00000, 0x0000000705b00000| Untracked 
|  48|0x0000000705c00000, 0x0000000705c00000, 0x0000000705d00000|  0%| F|  |TAMS 0x0000000705c00000, 0x0000000705c00000| Untracked 
|  49|0x0000000705d00000, 0x0000000705d00000, 0x0000000705e00000|  0%| F|  |TAMS 0x0000000705d00000, 0x0000000705d00000| Untracked 
|  50|0x0000000705e00000, 0x0000000705e00000, 0x0000000705f00000|  0%| F|  |TAMS 0x0000000705e00000, 0x0000000705e00000| Untracked 
|  51|0x0000000705f00000, 0x0000000705f00000, 0x0000000706000000|  0%| F|  |TAMS 0x0000000705f00000, 0x0000000705f00000| Untracked 
|  52|0x0000000706000000, 0x0000000706000000, 0x0000000706100000|  0%| F|  |TAMS 0x0000000706000000, 0x0000000706000000| Untracked 
|  53|0x0000000706100000, 0x0000000706100000, 0x0000000706200000|  0%| F|  |TAMS 0x0000000706100000, 0x0000000706100000| Untracked 
|  54|0x0000000706200000, 0x0000000706200000, 0x0000000706300000|  0%| F|  |TAMS 0x0000000706200000, 0x0000000706200000| Untracked 
|  55|0x0000000706300000, 0x0000000706300000, 0x0000000706400000|  0%| F|  |TAMS 0x0000000706300000, 0x0000000706300000| Untracked 
|  56|0x0000000706400000, 0x0000000706400000, 0x0000000706500000|  0%| F|  |TAMS 0x0000000706400000, 0x0000000706400000| Untracked 
|  57|0x0000000706500000, 0x0000000706500000, 0x0000000706600000|  0%| F|  |TAMS 0x0000000706500000, 0x0000000706500000| Untracked 
|  58|0x0000000706600000, 0x0000000706600000, 0x0000000706700000|  0%| F|  |TAMS 0x0000000706600000, 0x0000000706600000| Untracked 
|  59|0x0000000706700000, 0x0000000706700000, 0x0000000706800000|  0%| F|  |TAMS 0x0000000706700000, 0x0000000706700000| Untracked 
|  60|0x0000000706800000, 0x0000000706800000, 0x0000000706900000|  0%| F|  |TAMS 0x0000000706800000, 0x0000000706800000| Untracked 
|  61|0x0000000706900000, 0x0000000706900000, 0x0000000706a00000|  0%| F|  |TAMS 0x0000000706900000, 0x0000000706900000| Untracked 
|  62|0x0000000706a00000, 0x0000000706a00000, 0x0000000706b00000|  0%| F|  |TAMS 0x0000000706a00000, 0x0000000706a00000| Untracked 
|  63|0x0000000706b00000, 0x0000000706b00000, 0x0000000706c00000|  0%| F|  |TAMS 0x0000000706b00000, 0x0000000706b00000| Untracked 
|  64|0x0000000706c00000, 0x0000000706c00000, 0x0000000706d00000|  0%| F|  |TAMS 0x0000000706c00000, 0x0000000706c00000| Untracked 
|  65|0x0000000706d00000, 0x0000000706d00000, 0x0000000706e00000|  0%| F|  |TAMS 0x0000000706d00000, 0x0000000706d00000| Untracked 
|  66|0x0000000706e00000, 0x0000000706e00000, 0x0000000706f00000|  0%| F|  |TAMS 0x0000000706e00000, 0x0000000706e00000| Untracked 
|  67|0x0000000706f00000, 0x0000000706f00000, 0x0000000707000000|  0%| F|  |TAMS 0x0000000706f00000, 0x0000000706f00000| Untracked 
|  68|0x0000000707000000, 0x0000000707000000, 0x0000000707100000|  0%| F|  |TAMS 0x0000000707000000, 0x0000000707000000| Untracked 
|  69|0x0000000707100000, 0x0000000707100000, 0x0000000707200000|  0%| F|  |TAMS 0x0000000707100000, 0x0000000707100000| Untracked 
|  70|0x0000000707200000, 0x0000000707200000, 0x0000000707300000|  0%| F|  |TAMS 0x0000000707200000, 0x0000000707200000| Untracked 
|  71|0x0000000707300000, 0x0000000707300000, 0x0000000707400000|  0%| F|  |TAMS 0x0000000707300000, 0x0000000707300000| Untracked 
|  72|0x0000000707400000, 0x0000000707400000, 0x0000000707500000|  0%| F|  |TAMS 0x0000000707400000, 0x0000000707400000| Untracked 
|  73|0x0000000707500000, 0x0000000707500000, 0x0000000707600000|  0%| F|  |TAMS 0x0000000707500000, 0x0000000707500000| Untracked 
|  74|0x0000000707600000, 0x0000000707600000, 0x0000000707700000|  0%| F|  |TAMS 0x0000000707600000, 0x0000000707600000| Untracked 
|  75|0x0000000707700000, 0x0000000707700000, 0x0000000707800000|  0%| F|  |TAMS 0x0000000707700000, 0x0000000707700000| Untracked 
|  76|0x0000000707800000, 0x0000000707800000, 0x0000000707900000|  0%| F|  |TAMS 0x0000000707800000, 0x0000000707800000| Untracked 
|  77|0x0000000707900000, 0x0000000707900000, 0x0000000707a00000|  0%| F|  |TAMS 0x0000000707900000, 0x0000000707900000| Untracked 
|  78|0x0000000707a00000, 0x0000000707a00000, 0x0000000707b00000|  0%| F|  |TAMS 0x0000000707a00000, 0x0000000707a00000| Untracked 
|  79|0x0000000707b00000, 0x0000000707b00000, 0x0000000707c00000|  0%| F|  |TAMS 0x0000000707b00000, 0x0000000707b00000| Untracked 
|  80|0x0000000707c00000, 0x0000000707c00000, 0x0000000707d00000|  0%| F|  |TAMS 0x0000000707c00000, 0x0000000707c00000| Untracked 
|  81|0x0000000707d00000, 0x0000000707d00000, 0x0000000707e00000|  0%| F|  |TAMS 0x0000000707d00000, 0x0000000707d00000| Untracked 
|  82|0x0000000707e00000, 0x0000000707e00000, 0x0000000707f00000|  0%| F|  |TAMS 0x0000000707e00000, 0x0000000707e00000| Untracked 
|  83|0x0000000707f00000, 0x0000000707f00000, 0x0000000708000000|  0%| F|  |TAMS 0x0000000707f00000, 0x0000000707f00000| Untracked 
|  84|0x0000000708000000, 0x0000000708000000, 0x0000000708100000|  0%| F|  |TAMS 0x0000000708000000, 0x0000000708000000| Untracked 
|  85|0x0000000708100000, 0x0000000708100000, 0x0000000708200000|  0%| F|  |TAMS 0x0000000708100000, 0x0000000708100000| Untracked 
|  86|0x0000000708200000, 0x0000000708200000, 0x0000000708300000|  0%| F|  |TAMS 0x0000000708200000, 0x0000000708200000| Untracked 
|  87|0x0000000708300000, 0x0000000708300000, 0x0000000708400000|  0%| F|  |TAMS 0x0000000708300000, 0x0000000708300000| Untracked 
|  88|0x0000000708400000, 0x0000000708400000, 0x0000000708500000|  0%| F|  |TAMS 0x0000000708400000, 0x0000000708400000| Untracked 
|  89|0x0000000708500000, 0x0000000708500000, 0x0000000708600000|  0%| F|  |TAMS 0x0000000708500000, 0x0000000708500000| Untracked 
|  90|0x0000000708600000, 0x0000000708600000, 0x0000000708700000|  0%| F|  |TAMS 0x0000000708600000, 0x0000000708600000| Untracked 
|  91|0x0000000708700000, 0x0000000708700000, 0x0000000708800000|  0%| F|  |TAMS 0x0000000708700000, 0x0000000708700000| Untracked 
|  92|0x0000000708800000, 0x0000000708800000, 0x0000000708900000|  0%| F|  |TAMS 0x0000000708800000, 0x0000000708800000| Untracked 
|  93|0x0000000708900000, 0x0000000708900000, 0x0000000708a00000|  0%| F|  |TAMS 0x0000000708900000, 0x0000000708900000| Untracked 
|  94|0x0000000708a00000, 0x0000000708a00000, 0x0000000708b00000|  0%| F|  |TAMS 0x0000000708a00000, 0x0000000708a00000| Untracked 
|  95|0x0000000708b00000, 0x0000000708b00000, 0x0000000708c00000|  0%| F|  |TAMS 0x0000000708b00000, 0x0000000708b00000| Untracked 
|  96|0x0000000708c00000, 0x0000000708c00000, 0x0000000708d00000|  0%| F|  |TAMS 0x0000000708c00000, 0x0000000708c00000| Untracked 
|  97|0x0000000708d00000, 0x0000000708d00000, 0x0000000708e00000|  0%| F|  |TAMS 0x0000000708d00000, 0x0000000708d00000| Untracked 
|  98|0x0000000708e00000, 0x0000000708e00000, 0x0000000708f00000|  0%| F|  |TAMS 0x0000000708e00000, 0x0000000708e00000| Untracked 
|  99|0x0000000708f00000, 0x0000000708f00000, 0x0000000709000000|  0%| F|  |TAMS 0x0000000708f00000, 0x0000000708f00000| Untracked 
| 100|0x0000000709000000, 0x0000000709000000, 0x0000000709100000|  0%| F|  |TAMS 0x0000000709000000, 0x0000000709000000| Untracked 
| 101|0x0000000709100000, 0x0000000709100000, 0x0000000709200000|  0%| F|  |TAMS 0x0000000709100000, 0x0000000709100000| Untracked 
| 102|0x0000000709200000, 0x0000000709200000, 0x0000000709300000|  0%| F|  |TAMS 0x0000000709200000, 0x0000000709200000| Untracked 
| 103|0x0000000709300000, 0x0000000709300000, 0x0000000709400000|  0%| F|  |TAMS 0x0000000709300000, 0x0000000709300000| Untracked 
| 104|0x0000000709400000, 0x0000000709400000, 0x0000000709500000|  0%| F|  |TAMS 0x0000000709400000, 0x0000000709400000| Untracked 
| 105|0x0000000709500000, 0x0000000709500000, 0x0000000709600000|  0%| F|  |TAMS 0x0000000709500000, 0x0000000709500000| Untracked 
| 106|0x0000000709600000, 0x0000000709600000, 0x0000000709700000|  0%| F|  |TAMS 0x0000000709600000, 0x0000000709600000| Untracked 
| 107|0x0000000709700000, 0x0000000709700000, 0x0000000709800000|  0%| F|  |TAMS 0x0000000709700000, 0x0000000709700000| Untracked 
| 108|0x0000000709800000, 0x0000000709800000, 0x0000000709900000|  0%| F|  |TAMS 0x0000000709800000, 0x0000000709800000| Untracked 
| 109|0x0000000709900000, 0x0000000709900000, 0x0000000709a00000|  0%| F|  |TAMS 0x0000000709900000, 0x0000000709900000| Untracked 
| 110|0x0000000709a00000, 0x0000000709a00000, 0x0000000709b00000|  0%| F|  |TAMS 0x0000000709a00000, 0x0000000709a00000| Untracked 
| 111|0x0000000709b00000, 0x0000000709b00000, 0x0000000709c00000|  0%| F|  |TAMS 0x0000000709b00000, 0x0000000709b00000| Untracked 
| 112|0x0000000709c00000, 0x0000000709c00000, 0x0000000709d00000|  0%| F|  |TAMS 0x0000000709c00000, 0x0000000709c00000| Untracked 
| 113|0x0000000709d00000, 0x0000000709d00000, 0x0000000709e00000|  0%| F|  |TAMS 0x0000000709d00000, 0x0000000709d00000| Untracked 
| 114|0x0000000709e00000, 0x0000000709e00000, 0x0000000709f00000|  0%| F|  |TAMS 0x0000000709e00000, 0x0000000709e00000| Untracked 
| 115|0x0000000709f00000, 0x0000000709f00000, 0x000000070a000000|  0%| F|  |TAMS 0x0000000709f00000, 0x0000000709f00000| Untracked 
| 116|0x000000070a000000, 0x000000070a000000, 0x000000070a100000|  0%| F|  |TAMS 0x000000070a000000, 0x000000070a000000| Untracked 
| 117|0x000000070a100000, 0x000000070a100000, 0x000000070a200000|  0%| F|  |TAMS 0x000000070a100000, 0x000000070a100000| Untracked 
| 118|0x000000070a200000, 0x000000070a200000, 0x000000070a300000|  0%| F|  |TAMS 0x000000070a200000, 0x000000070a200000| Untracked 
| 119|0x000000070a300000, 0x000000070a300000, 0x000000070a400000|  0%| F|  |TAMS 0x000000070a300000, 0x000000070a300000| Untracked 
| 120|0x000000070a400000, 0x000000070a400000, 0x000000070a500000|  0%| F|  |TAMS 0x000000070a400000, 0x000000070a400000| Untracked 
| 121|0x000000070a500000, 0x000000070a500000, 0x000000070a600000|  0%| F|  |TAMS 0x000000070a500000, 0x000000070a500000| Untracked 
| 122|0x000000070a600000, 0x000000070a600000, 0x000000070a700000|  0%| F|  |TAMS 0x000000070a600000, 0x000000070a600000| Untracked 
| 123|0x000000070a700000, 0x000000070a700000, 0x000000070a800000|  0%| F|  |TAMS 0x000000070a700000, 0x000000070a700000| Untracked 
| 124|0x000000070a800000, 0x000000070a800000, 0x000000070a900000|  0%| F|  |TAMS 0x000000070a800000, 0x000000070a800000| Untracked 
| 125|0x000000070a900000, 0x000000070a900000, 0x000000070aa00000|  0%| F|  |TAMS 0x000000070a900000, 0x000000070a900000| Untracked 
| 126|0x000000070aa00000, 0x000000070aa00000, 0x000000070ab00000|  0%| F|  |TAMS 0x000000070aa00000, 0x000000070aa00000| Untracked 
| 127|0x000000070ab00000, 0x000000070ab00000, 0x000000070ac00000|  0%| F|  |TAMS 0x000000070ab00000, 0x000000070ab00000| Untracked 
| 128|0x000000070ac00000, 0x000000070ac00000, 0x000000070ad00000|  0%| F|  |TAMS 0x000000070ac00000, 0x000000070ac00000| Untracked 
| 129|0x000000070ad00000, 0x000000070ad00000, 0x000000070ae00000|  0%| F|  |TAMS 0x000000070ad00000, 0x000000070ad00000| Untracked 
| 130|0x000000070ae00000, 0x000000070ae00000, 0x000000070af00000|  0%| F|  |TAMS 0x000000070ae00000, 0x000000070ae00000| Untracked 
| 131|0x000000070af00000, 0x000000070af00000, 0x000000070b000000|  0%| F|  |TAMS 0x000000070af00000, 0x000000070af00000| Untracked 
| 132|0x000000070b000000, 0x000000070b000000, 0x000000070b100000|  0%| F|  |TAMS 0x000000070b000000, 0x000000070b000000| Untracked 
| 133|0x000000070b100000, 0x000000070b100000, 0x000000070b200000|  0%| F|  |TAMS 0x000000070b100000, 0x000000070b100000| Untracked 
| 134|0x000000070b200000, 0x000000070b200000, 0x000000070b300000|  0%| F|  |TAMS 0x000000070b200000, 0x000000070b200000| Untracked 
| 135|0x000000070b300000, 0x000000070b300000, 0x000000070b400000|  0%| F|  |TAMS 0x000000070b300000, 0x000000070b300000| Untracked 
| 136|0x000000070b400000, 0x000000070b400000, 0x000000070b500000|  0%| F|  |TAMS 0x000000070b400000, 0x000000070b400000| Untracked 
| 137|0x000000070b500000, 0x000000070b500000, 0x000000070b600000|  0%| F|  |TAMS 0x000000070b500000, 0x000000070b500000| Untracked 
| 138|0x000000070b600000, 0x000000070b600000, 0x000000070b700000|  0%| F|  |TAMS 0x000000070b600000, 0x000000070b600000| Untracked 
| 139|0x000000070b700000, 0x000000070b700000, 0x000000070b800000|  0%| F|  |TAMS 0x000000070b700000, 0x000000070b700000| Untracked 
| 140|0x000000070b800000, 0x000000070b800000, 0x000000070b900000|  0%| F|  |TAMS 0x000000070b800000, 0x000000070b800000| Untracked 
| 141|0x000000070b900000, 0x000000070b900000, 0x000000070ba00000|  0%| F|  |TAMS 0x000000070b900000, 0x000000070b900000| Untracked 
| 142|0x000000070ba00000, 0x000000070ba00000, 0x000000070bb00000|  0%| F|  |TAMS 0x000000070ba00000, 0x000000070ba00000| Untracked 
| 143|0x000000070bb00000, 0x000000070bb00000, 0x000000070bc00000|  0%| F|  |TAMS 0x000000070bb00000, 0x000000070bb00000| Untracked 
| 144|0x000000070bc00000, 0x000000070bc00000, 0x000000070bd00000|  0%| F|  |TAMS 0x000000070bc00000, 0x000000070bc00000| Untracked 
| 145|0x000000070bd00000, 0x000000070bd00000, 0x000000070be00000|  0%| F|  |TAMS 0x000000070bd00000, 0x000000070bd00000| Untracked 
| 146|0x000000070be00000, 0x000000070be00000, 0x000000070bf00000|  0%| F|  |TAMS 0x000000070be00000, 0x000000070be00000| Untracked 
| 147|0x000000070bf00000, 0x000000070bf00000, 0x000000070c000000|  0%| F|  |TAMS 0x000000070bf00000, 0x000000070bf00000| Untracked 
| 148|0x000000070c000000, 0x000000070c000000, 0x000000070c100000|  0%| F|  |TAMS 0x000000070c000000, 0x000000070c000000| Untracked 
| 149|0x000000070c100000, 0x000000070c100000, 0x000000070c200000|  0%| F|  |TAMS 0x000000070c100000, 0x000000070c100000| Untracked 
| 150|0x000000070c200000, 0x000000070c200000, 0x000000070c300000|  0%| F|  |TAMS 0x000000070c200000, 0x000000070c200000| Untracked 
| 151|0x000000070c300000, 0x000000070c300000, 0x000000070c400000|  0%| F|  |TAMS 0x000000070c300000, 0x000000070c300000| Untracked 
| 152|0x000000070c400000, 0x000000070c400000, 0x000000070c500000|  0%| F|  |TAMS 0x000000070c400000, 0x000000070c400000| Untracked 
| 153|0x000000070c500000, 0x000000070c500000, 0x000000070c600000|  0%| F|  |TAMS 0x000000070c500000, 0x000000070c500000| Untracked 
| 154|0x000000070c600000, 0x000000070c600000, 0x000000070c700000|  0%| F|  |TAMS 0x000000070c600000, 0x000000070c600000| Untracked 
| 155|0x000000070c700000, 0x000000070c700000, 0x000000070c800000|  0%| F|  |TAMS 0x000000070c700000, 0x000000070c700000| Untracked 
| 156|0x000000070c800000, 0x000000070c800000, 0x000000070c900000|  0%| F|  |TAMS 0x000000070c800000, 0x000000070c800000| Untracked 
| 157|0x000000070c900000, 0x000000070c900000, 0x000000070ca00000|  0%| F|  |TAMS 0x000000070c900000, 0x000000070c900000| Untracked 
| 158|0x000000070ca00000, 0x000000070ca00000, 0x000000070cb00000|  0%| F|  |TAMS 0x000000070ca00000, 0x000000070ca00000| Untracked 
| 159|0x000000070cb00000, 0x000000070cb00000, 0x000000070cc00000|  0%| F|  |TAMS 0x000000070cb00000, 0x000000070cb00000| Untracked 
| 160|0x000000070cc00000, 0x000000070cc00000, 0x000000070cd00000|  0%| F|  |TAMS 0x000000070cc00000, 0x000000070cc00000| Untracked 
| 161|0x000000070cd00000, 0x000000070cd00000, 0x000000070ce00000|  0%| F|  |TAMS 0x000000070cd00000, 0x000000070cd00000| Untracked 
| 162|0x000000070ce00000, 0x000000070ce00000, 0x000000070cf00000|  0%| F|  |TAMS 0x000000070ce00000, 0x000000070ce00000| Untracked 
| 163|0x000000070cf00000, 0x000000070cf00000, 0x000000070d000000|  0%| F|  |TAMS 0x000000070cf00000, 0x000000070cf00000| Untracked 
| 164|0x000000070d000000, 0x000000070d000000, 0x000000070d100000|  0%| F|  |TAMS 0x000000070d000000, 0x000000070d000000| Untracked 
| 165|0x000000070d100000, 0x000000070d100000, 0x000000070d200000|  0%| F|  |TAMS 0x000000070d100000, 0x000000070d100000| Untracked 
| 166|0x000000070d200000, 0x000000070d200000, 0x000000070d300000|  0%| F|  |TAMS 0x000000070d200000, 0x000000070d200000| Untracked 
| 167|0x000000070d300000, 0x000000070d300000, 0x000000070d400000|  0%| F|  |TAMS 0x000000070d300000, 0x000000070d300000| Untracked 
| 168|0x000000070d400000, 0x000000070d400000, 0x000000070d500000|  0%| F|  |TAMS 0x000000070d400000, 0x000000070d400000| Untracked 
| 169|0x000000070d500000, 0x000000070d500000, 0x000000070d600000|  0%| F|  |TAMS 0x000000070d500000, 0x000000070d500000| Untracked 
| 170|0x000000070d600000, 0x000000070d600000, 0x000000070d700000|  0%| F|  |TAMS 0x000000070d600000, 0x000000070d600000| Untracked 
| 171|0x000000070d700000, 0x000000070d700000, 0x000000070d800000|  0%| F|  |TAMS 0x000000070d700000, 0x000000070d700000| Untracked 
| 172|0x000000070d800000, 0x000000070d800000, 0x000000070d900000|  0%| F|  |TAMS 0x000000070d800000, 0x000000070d800000| Untracked 
| 173|0x000000070d900000, 0x000000070d900000, 0x000000070da00000|  0%| F|  |TAMS 0x000000070d900000, 0x000000070d900000| Untracked 
| 174|0x000000070da00000, 0x000000070da00000, 0x000000070db00000|  0%| F|  |TAMS 0x000000070da00000, 0x000000070da00000| Untracked 
| 175|0x000000070db00000, 0x000000070db00000, 0x000000070dc00000|  0%| F|  |TAMS 0x000000070db00000, 0x000000070db00000| Untracked 
| 176|0x000000070dc00000, 0x000000070dc00000, 0x000000070dd00000|  0%| F|  |TAMS 0x000000070dc00000, 0x000000070dc00000| Untracked 
| 177|0x000000070dd00000, 0x000000070dd00000, 0x000000070de00000|  0%| F|  |TAMS 0x000000070dd00000, 0x000000070dd00000| Untracked 
| 178|0x000000070de00000, 0x000000070de00000, 0x000000070df00000|  0%| F|  |TAMS 0x000000070de00000, 0x000000070de00000| Untracked 
| 179|0x000000070df00000, 0x000000070df00000, 0x000000070e000000|  0%| F|  |TAMS 0x000000070df00000, 0x000000070df00000| Untracked 
| 180|0x000000070e000000, 0x000000070e000000, 0x000000070e100000|  0%| F|  |TAMS 0x000000070e000000, 0x000000070e000000| Untracked 
| 181|0x000000070e100000, 0x000000070e100000, 0x000000070e200000|  0%| F|  |TAMS 0x000000070e100000, 0x000000070e100000| Untracked 
| 182|0x000000070e200000, 0x000000070e200000, 0x000000070e300000|  0%| F|  |TAMS 0x000000070e200000, 0x000000070e200000| Untracked 
| 183|0x000000070e300000, 0x000000070e300000, 0x000000070e400000|  0%| F|  |TAMS 0x000000070e300000, 0x000000070e300000| Untracked 
| 184|0x000000070e400000, 0x000000070e400000, 0x000000070e500000|  0%| F|  |TAMS 0x000000070e400000, 0x000000070e400000| Untracked 
| 185|0x000000070e500000, 0x000000070e500000, 0x000000070e600000|  0%| F|  |TAMS 0x000000070e500000, 0x000000070e500000| Untracked 
| 186|0x000000070e600000, 0x000000070e600000, 0x000000070e700000|  0%| F|  |TAMS 0x000000070e600000, 0x000000070e600000| Untracked 
| 187|0x000000070e700000, 0x000000070e700000, 0x000000070e800000|  0%| F|  |TAMS 0x000000070e700000, 0x000000070e700000| Untracked 
| 188|0x000000070e800000, 0x000000070e800000, 0x000000070e900000|  0%| F|  |TAMS 0x000000070e800000, 0x000000070e800000| Untracked 
| 189|0x000000070e900000, 0x000000070e900000, 0x000000070ea00000|  0%| F|  |TAMS 0x000000070e900000, 0x000000070e900000| Untracked 
| 190|0x000000070ea00000, 0x000000070ea00000, 0x000000070eb00000|  0%| F|  |TAMS 0x000000070ea00000, 0x000000070ea00000| Untracked 
| 191|0x000000070eb00000, 0x000000070eb00000, 0x000000070ec00000|  0%| F|  |TAMS 0x000000070eb00000, 0x000000070eb00000| Untracked 
| 192|0x000000070ec00000, 0x000000070ec00000, 0x000000070ed00000|  0%| F|  |TAMS 0x000000070ec00000, 0x000000070ec00000| Untracked 
| 193|0x000000070ed00000, 0x000000070ed00000, 0x000000070ee00000|  0%| F|  |TAMS 0x000000070ed00000, 0x000000070ed00000| Untracked 
| 194|0x000000070ee00000, 0x000000070ee00000, 0x000000070ef00000|  0%| F|  |TAMS 0x000000070ee00000, 0x000000070ee00000| Untracked 
| 195|0x000000070ef00000, 0x000000070ef00000, 0x000000070f000000|  0%| F|  |TAMS 0x000000070ef00000, 0x000000070ef00000| Untracked 
| 196|0x000000070f000000, 0x000000070f000000, 0x000000070f100000|  0%| F|  |TAMS 0x000000070f000000, 0x000000070f000000| Untracked 
| 197|0x000000070f100000, 0x000000070f100000, 0x000000070f200000|  0%| F|  |TAMS 0x000000070f100000, 0x000000070f100000| Untracked 
| 198|0x000000070f200000, 0x000000070f200000, 0x000000070f300000|  0%| F|  |TAMS 0x000000070f200000, 0x000000070f200000| Untracked 
| 199|0x000000070f300000, 0x000000070f300000, 0x000000070f400000|  0%| F|  |TAMS 0x000000070f300000, 0x000000070f300000| Untracked 
| 200|0x000000070f400000, 0x000000070f400000, 0x000000070f500000|  0%| F|  |TAMS 0x000000070f400000, 0x000000070f400000| Untracked 
| 201|0x000000070f500000, 0x000000070f500000, 0x000000070f600000|  0%| F|  |TAMS 0x000000070f500000, 0x000000070f500000| Untracked 
| 202|0x000000070f600000, 0x000000070f600000, 0x000000070f700000|  0%| F|  |TAMS 0x000000070f600000, 0x000000070f600000| Untracked 
| 203|0x000000070f700000, 0x000000070f700000, 0x000000070f800000|  0%| F|  |TAMS 0x000000070f700000, 0x000000070f700000| Untracked 
| 204|0x000000070f800000, 0x000000070f800000, 0x000000070f900000|  0%| F|  |TAMS 0x000000070f800000, 0x000000070f800000| Untracked 
| 205|0x000000070f900000, 0x000000070f900000, 0x000000070fa00000|  0%| F|  |TAMS 0x000000070f900000, 0x000000070f900000| Untracked 
| 206|0x000000070fa00000, 0x000000070fa00000, 0x000000070fb00000|  0%| F|  |TAMS 0x000000070fa00000, 0x000000070fa00000| Untracked 
| 207|0x000000070fb00000, 0x000000070fb00000, 0x000000070fc00000|  0%| F|  |TAMS 0x000000070fb00000, 0x000000070fb00000| Untracked 
| 208|0x000000070fc00000, 0x000000070fc00000, 0x000000070fd00000|  0%| F|  |TAMS 0x000000070fc00000, 0x000000070fc00000| Untracked 
| 209|0x000000070fd00000, 0x000000070fd00000, 0x000000070fe00000|  0%| F|  |TAMS 0x000000070fd00000, 0x000000070fd00000| Untracked 
| 210|0x000000070fe00000, 0x000000070fe00000, 0x000000070ff00000|  0%| F|  |TAMS 0x000000070fe00000, 0x000000070fe00000| Untracked 
| 211|0x000000070ff00000, 0x000000070ff00000, 0x0000000710000000|  0%| F|  |TAMS 0x000000070ff00000, 0x000000070ff00000| Untracked 
| 212|0x0000000710000000, 0x0000000710000000, 0x0000000710100000|  0%| F|  |TAMS 0x0000000710000000, 0x0000000710000000| Untracked 
| 213|0x0000000710100000, 0x0000000710100000, 0x0000000710200000|  0%| F|  |TAMS 0x0000000710100000, 0x0000000710100000| Untracked 
| 214|0x0000000710200000, 0x0000000710200000, 0x0000000710300000|  0%| F|  |TAMS 0x0000000710200000, 0x0000000710200000| Untracked 
| 215|0x0000000710300000, 0x0000000710300000, 0x0000000710400000|  0%| F|  |TAMS 0x0000000710300000, 0x0000000710300000| Untracked 
| 216|0x0000000710400000, 0x0000000710400000, 0x0000000710500000|  0%| F|  |TAMS 0x0000000710400000, 0x0000000710400000| Untracked 
| 217|0x0000000710500000, 0x0000000710500000, 0x0000000710600000|  0%| F|  |TAMS 0x0000000710500000, 0x0000000710500000| Untracked 
| 218|0x0000000710600000, 0x0000000710600000, 0x0000000710700000|  0%| F|  |TAMS 0x0000000710600000, 0x0000000710600000| Untracked 
| 219|0x0000000710700000, 0x0000000710700000, 0x0000000710800000|  0%| F|  |TAMS 0x0000000710700000, 0x0000000710700000| Untracked 
| 220|0x0000000710800000, 0x0000000710800000, 0x0000000710900000|  0%| F|  |TAMS 0x0000000710800000, 0x0000000710800000| Untracked 
| 221|0x0000000710900000, 0x0000000710900000, 0x0000000710a00000|  0%| F|  |TAMS 0x0000000710900000, 0x0000000710900000| Untracked 
| 222|0x0000000710a00000, 0x0000000710a00000, 0x0000000710b00000|  0%| F|  |TAMS 0x0000000710a00000, 0x0000000710a00000| Untracked 
| 223|0x0000000710b00000, 0x0000000710b00000, 0x0000000710c00000|  0%| F|  |TAMS 0x0000000710b00000, 0x0000000710b00000| Untracked 
| 224|0x0000000710c00000, 0x0000000710c00000, 0x0000000710d00000|  0%| F|  |TAMS 0x0000000710c00000, 0x0000000710c00000| Untracked 
| 225|0x0000000710d00000, 0x0000000710d00000, 0x0000000710e00000|  0%| F|  |TAMS 0x0000000710d00000, 0x0000000710d00000| Untracked 
| 226|0x0000000710e00000, 0x0000000710e00000, 0x0000000710f00000|  0%| F|  |TAMS 0x0000000710e00000, 0x0000000710e00000| Untracked 
| 227|0x0000000710f00000, 0x0000000711000000, 0x0000000711000000|100%| S|CS|TAMS 0x0000000710f00000, 0x0000000710f00000| Complete 
| 228|0x0000000711000000, 0x0000000711100000, 0x0000000711100000|100%| S|CS|TAMS 0x0000000711000000, 0x0000000711000000| Complete 
| 229|0x0000000711100000, 0x0000000711200000, 0x0000000711200000|100%| S|CS|TAMS 0x0000000711100000, 0x0000000711100000| Complete 
| 230|0x0000000711200000, 0x0000000711200000, 0x0000000711300000|  0%| F|  |TAMS 0x0000000711200000, 0x0000000711200000| Untracked 
| 231|0x0000000711300000, 0x0000000711300000, 0x0000000711400000|  0%| F|  |TAMS 0x0000000711300000, 0x0000000711300000| Untracked 
| 232|0x0000000711400000, 0x0000000711400000, 0x0000000711500000|  0%| F|  |TAMS 0x0000000711400000, 0x0000000711400000| Untracked 
| 233|0x0000000711500000, 0x0000000711500000, 0x0000000711600000|  0%| F|  |TAMS 0x0000000711500000, 0x0000000711500000| Untracked 
| 234|0x0000000711600000, 0x0000000711600000, 0x0000000711700000|  0%| F|  |TAMS 0x0000000711600000, 0x0000000711600000| Untracked 
| 235|0x0000000711700000, 0x0000000711700000, 0x0000000711800000|  0%| F|  |TAMS 0x0000000711700000, 0x0000000711700000| Untracked 
| 236|0x0000000711800000, 0x0000000711800000, 0x0000000711900000|  0%| F|  |TAMS 0x0000000711800000, 0x0000000711800000| Untracked 
| 237|0x0000000711900000, 0x0000000711900000, 0x0000000711a00000|  0%| F|  |TAMS 0x0000000711900000, 0x0000000711900000| Untracked 
| 238|0x0000000711a00000, 0x0000000711a00000, 0x0000000711b00000|  0%| F|  |TAMS 0x0000000711a00000, 0x0000000711a00000| Untracked 
| 239|0x0000000711b00000, 0x0000000711b00000, 0x0000000711c00000|  0%| F|  |TAMS 0x0000000711b00000, 0x0000000711b00000| Untracked 
| 240|0x0000000711c00000, 0x0000000711c00000, 0x0000000711d00000|  0%| F|  |TAMS 0x0000000711c00000, 0x0000000711c00000| Untracked 
| 241|0x0000000711d00000, 0x0000000711d00000, 0x0000000711e00000|  0%| F|  |TAMS 0x0000000711d00000, 0x0000000711d00000| Untracked 
| 242|0x0000000711e00000, 0x0000000711e00000, 0x0000000711f00000|  0%| F|  |TAMS 0x0000000711e00000, 0x0000000711e00000| Untracked 
| 243|0x0000000711f00000, 0x0000000711f00000, 0x0000000712000000|  0%| F|  |TAMS 0x0000000711f00000, 0x0000000711f00000| Untracked 
| 244|0x0000000712000000, 0x000000071204b010, 0x0000000712100000| 29%| E|  |TAMS 0x0000000712000000, 0x0000000712000000| Complete 
| 245|0x0000000712100000, 0x0000000712200000, 0x0000000712200000|100%| E|  |TAMS 0x0000000712100000, 0x0000000712100000| Complete 
| 246|0x0000000712200000, 0x0000000712300000, 0x0000000712300000|100%| E|CS|TAMS 0x0000000712200000, 0x0000000712200000| Complete 
| 247|0x0000000712300000, 0x0000000712400000, 0x0000000712400000|100%| E|CS|TAMS 0x0000000712300000, 0x0000000712300000| Complete 
| 248|0x0000000712400000, 0x0000000712500000, 0x0000000712500000|100%| E|CS|TAMS 0x0000000712400000, 0x0000000712400000| Complete 
| 249|0x0000000712500000, 0x0000000712600000, 0x0000000712600000|100%| E|CS|TAMS 0x0000000712500000, 0x0000000712500000| Complete 
| 250|0x0000000712600000, 0x0000000712700000, 0x0000000712700000|100%| E|CS|TAMS 0x0000000712600000, 0x0000000712600000| Complete 
| 251|0x0000000712700000, 0x0000000712800000, 0x0000000712800000|100%| E|CS|TAMS 0x0000000712700000, 0x0000000712700000| Complete 
| 252|0x0000000712800000, 0x0000000712900000, 0x0000000712900000|100%| E|CS|TAMS 0x0000000712800000, 0x0000000712800000| Complete 
| 253|0x0000000712900000, 0x0000000712a00000, 0x0000000712a00000|100%| E|CS|TAMS 0x0000000712900000, 0x0000000712900000| Complete 

Card table byte_map: [0x000001bbb0d70000,0x000001bbb1560000] _byte_map_base: 0x000001bbad55a000

Marking Bits (Prev, Next): (CMBitMap*) 0x000001bb989b7128, (CMBitMap*) 0x000001bb989b7160
 Prev Bits: [0x000001bbb1d50000, 0x000001bbb5ca0000)
 Next Bits: [0x000001bbb5ca0000, 0x000001bbb9bf0000)

Polling page: 0x000001bb96640000

Metaspace:

Usage:
  Non-class:     14.76 MB capacity,    14.55 MB ( 99%) used,   172.98 KB (  1%) free+waste,    45.19 KB ( <1%) overhead. 
      Class:      1.82 MB capacity,     1.63 MB ( 90%) used,   169.07 KB (  9%) free+waste,    24.00 KB (  1%) overhead. 
       Both:     16.58 MB capacity,    16.18 MB ( 98%) used,   342.05 KB (  2%) free+waste,    69.19 KB ( <1%) overhead. 

Virtual space:
  Non-class space:       16.00 MB reserved,      15.00 MB ( 94%) committed 
      Class space:        1.00 GB reserved,       1.88 MB ( <1%) committed 
             Both:        1.02 GB reserved,      16.88 MB (  2%) committed 

Chunk freelists:
   Non-Class:  54.00 KB
       Class:  27.00 KB
        Both:  81.00 KB

MaxMetaspaceSize: 17179869184.00 GB
CompressedClassSpaceSize: 1.00 GB

CodeHeap 'non-profiled nmethods': size=120000Kb used=429Kb max_used=429Kb free=119570Kb
 bounds [0x000001bba8b00000, 0x000001bba8d70000, 0x000001bbb0030000]
CodeHeap 'profiled nmethods': size=120000Kb used=2419Kb max_used=2419Kb free=117580Kb
 bounds [0x000001bba15d0000, 0x000001bba1840000, 0x000001bba8b00000]
CodeHeap 'non-nmethods': size=5760Kb used=1369Kb max_used=1384Kb free=4390Kb
 bounds [0x000001bba1030000, 0x000001bba12a0000, 0x000001bba15d0000]
 total_blobs=2201 nmethods=1375 adapters=738
 compilation: enabled
              stopped_count=0, restarted_count=0
 full_count=0

Compilation events (20 events):
Event: 4.351 Thread 0x000001bbbd2aa800 nmethod 1366 0x000001bba1826910 code [0x000001bba1826b00, 0x000001bba18270b8]
Event: 4.351 Thread 0x000001bbbd2aa800 1367       3       sun.awt.SunHints$Value::equals (11 bytes)
Event: 4.351 Thread 0x000001bbbd2aa800 nmethod 1367 0x000001bba1827210 code [0x000001bba18273c0, 0x000001bba1827518]
Event: 4.351 Thread 0x000001bbbd2aa800 1368   !   3       sun.java2d.SunGraphics2D::drawRect (74 bytes)
Event: 4.352 Thread 0x000001bbbd2aa800 nmethod 1368 0x000001bba1827590 code [0x000001bba18277c0, 0x000001bba1827ec8]
Event: 4.352 Thread 0x000001bbbd2aa800 1370       3       java.lang.Math::ceil (5 bytes)
Event: 4.352 Thread 0x000001bbbd2a7000 nmethod 1365 0x000001bba8b6ad10 code [0x000001bba8b6aea0, 0x000001bba8b6af78]
Event: 4.352 Thread 0x000001bbbd2a7000 1369       4       javax.swing.plaf.basic.BasicSliderUI::xPositionForValue (143 bytes)
Event: 4.352 Thread 0x000001bbbd2aa800 nmethod 1370 0x000001bba1828290 code [0x000001bba1828480, 0x000001bba1828608]
Event: 4.352 Thread 0x000001bbbd2aa800 1371       3       java.lang.StrictMath::ceil (10 bytes)
Event: 4.352 Thread 0x000001bbbd2aa800 nmethod 1371 0x000001bba1828710 code [0x000001bba1828900, 0x000001bba1828a28]
Event: 4.353 Thread 0x000001bbbd2aa800 1372       3       java.util.concurrent.locks.LockSupport::setBlocker (12 bytes)
Event: 4.353 Thread 0x000001bbbd2aa800 nmethod 1372 0x000001bba1828b10 code [0x000001bba1828cc0, 0x000001bba1828df8]
Event: 4.355 Thread 0x000001bbbd2a7000 nmethod 1369 0x000001bba8b6b090 code [0x000001bba8b6b240, 0x000001bba8b6b4d8]
Event: 4.386 Thread 0x000001bbbd2aa800 1373       3       java.lang.ref.ReferenceQueue::reallyPoll (65 bytes)
Event: 4.386 Thread 0x000001bbbd2aa800 nmethod 1373 0x000001bba1828e90 code [0x000001bba1829080, 0x000001bba18295b8]
Event: 4.386 Thread 0x000001bbbd2aa800 1374   !   3       java.util.concurrent.ConcurrentHashMap::replaceNode (437 bytes)
Event: 4.388 Thread 0x000001bbbd2aa800 nmethod 1374 0x000001bba1829690 code [0x000001bba1829a40, 0x000001bba182bc78]
Event: 4.388 Thread 0x000001bbbd2aa800 1375       3       java.util.concurrent.ConcurrentHashMap::remove (8 bytes)
Event: 4.388 Thread 0x000001bbbd2aa800 nmethod 1375 0x000001bba182cb10 code [0x000001bba182ccc0, 0x000001bba182ce08]

GC Heap History (2 events):
Event: 3.263 GC heap before
{Heap before GC invocations=0 (full 0):
 garbage-first heap   total 260096K, used 58368K [0x0000000702c00000, 0x0000000800000000)
  region size 1024K, 24 young (24576K), 0 survivors (0K)
 Metaspace       used 16444K, capacity 16847K, committed 17024K, reserved 1064960K
  class space    used 1666K, capacity 1861K, committed 1920K, reserved 1048576K
}
Event: 3.268 GC heap after
{Heap after GC invocations=1 (full 0):
 garbage-first heap   total 260096K, used 23484K [0x0000000702c00000, 0x0000000800000000)
  region size 1024K, 3 young (3072K), 3 survivors (3072K)
 Metaspace       used 16444K, capacity 16847K, committed 17024K, reserved 1064960K
  class space    used 1666K, capacity 1861K, committed 1920K, reserved 1048576K
}

Deoptimization events (20 events):
Event: 1.993 Thread 0x000001bbbd44a000 DEOPT PACKING pc=0x000001bba175b170 sp=0x00000029635fc920
Event: 1.993 Thread 0x000001bbbd44a000 DEOPT UNPACKING pc=0x000001bba105794e sp=0x00000029635fbe28 mode 0
Event: 1.993 Thread 0x000001bbbd44a000 DEOPT PACKING pc=0x000001bba175b170 sp=0x00000029635fc920
Event: 1.993 Thread 0x000001bbbd44a000 DEOPT UNPACKING pc=0x000001bba105794e sp=0x00000029635fbe28 mode 0
Event: 1.993 Thread 0x000001bbbd44a000 DEOPT PACKING pc=0x000001bba175b170 sp=0x00000029635fc920
Event: 1.993 Thread 0x000001bbbd44a000 DEOPT UNPACKING pc=0x000001bba105794e sp=0x00000029635fbe28 mode 0
Event: 1.994 Thread 0x000001bbbd44a000 DEOPT PACKING pc=0x000001bba175b170 sp=0x00000029635fc9f0
Event: 1.994 Thread 0x000001bbbd44a000 DEOPT UNPACKING pc=0x000001bba105794e sp=0x00000029635fbec8 mode 0
Event: 1.995 Thread 0x000001bbbd44a000 DEOPT PACKING pc=0x000001bba175b170 sp=0x00000029635fc9f0
Event: 1.995 Thread 0x000001bbbd44a000 DEOPT UNPACKING pc=0x000001bba105794e sp=0x00000029635fbec8 mode 0
Event: 1.996 Thread 0x000001bbbd44a000 DEOPT PACKING pc=0x000001bba175b170 sp=0x00000029635fc9f0
Event: 1.996 Thread 0x000001bbbd44a000 DEOPT UNPACKING pc=0x000001bba105794e sp=0x00000029635fbec8 mode 0
Event: 1.997 Thread 0x000001bbbd44a000 DEOPT PACKING pc=0x000001bba175b170 sp=0x00000029635fc9f0
Event: 1.997 Thread 0x000001bbbd44a000 DEOPT UNPACKING pc=0x000001bba105794e sp=0x00000029635fbec8 mode 0
Event: 1.998 Thread 0x000001bbbd44a000 DEOPT PACKING pc=0x000001bba175b170 sp=0x00000029635fc9f0
Event: 1.998 Thread 0x000001bbbd44a000 DEOPT UNPACKING pc=0x000001bba105794e sp=0x00000029635fbec8 mode 0
Event: 4.386 Thread 0x000001bbbd44a000 Uncommon trap: trap_request=0xffffff4d fr.pc=0x000001bba8b50684 relative=0x0000000000001584
Event: 4.386 Thread 0x000001bbbd44a000 Uncommon trap: reason=unstable_if action=reinterpret pc=0x000001bba8b50684 method=java.lang.ref.ReferenceQueue.poll()Ljava/lang/ref/Reference; @ 4 c2
Event: 4.386 Thread 0x000001bbbd44a000 DEOPT PACKING pc=0x000001bba8b50684 sp=0x00000029635fa660
Event: 4.386 Thread 0x000001bbbd44a000 DEOPT UNPACKING pc=0x000001bba1057b2f sp=0x00000029635fa510 mode 2

Classes redefined (0 events):
No events

Internal exceptions (20 events):
Event: 0.320 Thread 0x000001bb9894f000 Exception <a 'java/lang/NoSuchMethodError'{0x00000007126ec690}: 'java.lang.Object java.lang.invoke.DirectMethodHandle$Holder.invokeStatic(java.lang.Object, java.lang.Object, java.lang.Object, java.lang.Object, java.lang.Object, java.lang.Object, java.lang.Object, java.lang.Object, java.lang.Object, java.lang.Object, java.lang.Object, java.lang.Object, java.lang.Object, java.lang.Object, java.lang.Object)'> (0x00000007126ec690) thrown at [./src/hotspot/share/interpreter/linkResolver.cpp, line 773]
Event: 0.323 Thread 0x000001bb9894f000 Exception <a 'java/lang/NoSuchMethodError'{0x00000007126fa648}: 'java.lang.Object java.lang.invoke.DirectMethodHandle$Holder.invokeStatic(java.lang.Object, java.lang.Object, java.lang.Object, java.lang.Object, java.lang.Object, java.lang.Object, java.lang.Object, java.lang.Object, java.lang.Object, java.lang.Object, java.lang.Object, java.lang.Object, java.lang.Object, java.lang.Object, java.lang.Object, java.lang.Object)'> (0x00000007126fa648) thrown at [./src/hotspot/share/interpreter/linkResolver.cpp, l
Event: 0.326 Thread 0x000001bb9894f000 Exception <a 'java/lang/NoSuchMethodError'{0x0000000712508758}: 'java.lang.Object java.lang.invoke.DirectMethodHandle$Holder.invokeSpecial(java.lang.Object, java.lang.Object, int, int, java.lang.Object, java.lang.Object, java.lang.Object)'> (0x0000000712508758) thrown at [./src/hotspot/share/interpreter/linkResolver.cpp, line 773]
Event: 0.327 Thread 0x000001bb9894f000 Exception <a 'java/lang/NoSuchMethodError'{0x000000071250bce8}: 'java.lang.Object java.lang.invoke.DelegatingMethodHandle$Holder.reinvoke_L(java.lang.Object, int, int, java.lang.Object, java.lang.Object, java.lang.Object)'> (0x000000071250bce8) thrown at [./src/hotspot/share/interpreter/linkResolver.cpp, line 773]
Event: 0.328 Thread 0x000001bb9894f000 Exception <a 'java/lang/NoSuchMethodError'{0x000000071250fdc8}: 'java.lang.Object java.lang.invoke.DirectMethodHandle$Holder.invokeStatic(java.lang.Object, java.lang.Object, java.lang.Object, java.lang.Object, int)'> (0x000000071250fdc8) thrown at [./src/hotspot/share/interpreter/linkResolver.cpp, line 773]
Event: 0.342 Thread 0x000001bb9894f000 Exception <a 'java/io/FileNotFoundException'{0x0000000712572708}> (0x0000000712572708) thrown at [./src/hotspot/share/prims/jni.cpp, line 615]
Event: 0.569 Thread 0x000001bbbd902000 Exception <a 'java/lang/NoSuchMethodError'{0x00000007125fb490}: 'void java.lang.invoke.DirectMethodHandle$Holder.invokeSpecial(java.lang.Object, java.lang.Object)'> (0x00000007125fb490) thrown at [./src/hotspot/share/interpreter/linkResolver.cpp, line 773]
Event: 0.574 Thread 0x000001bb9894f000 Exception <a 'java/lang/NoSuchMethodError'{0x00000007124868e0}: 'java.lang.Object java.lang.invoke.DirectMethodHandle$Holder.invokeStatic(java.lang.Object, java.lang.Object, java.lang.Object, java.lang.Object, java.lang.Object, java.lang.Object, java.lang.Object, java.lang.Object, int)'> (0x00000007124868e0) thrown at [./src/hotspot/share/interpreter/linkResolver.cpp, line 773]
Event: 0.577 Thread 0x000001bb9894f000 Exception <a 'java/lang/NoSuchMethodError'{0x00000007124a09c0}: 'java.lang.Object java.lang.invoke.DirectMethodHandle$Holder.invokeStatic(java.lang.Object, java.lang.Object, java.lang.Object, java.lang.Object, java.lang.Object, java.lang.Object, java.lang.Object, java.lang.Object, int, int)'> (0x00000007124a09c0) thrown at [./src/hotspot/share/interpreter/linkResolver.cpp, line 773]
Event: 1.737 Thread 0x000001bbbd44a000 Exception <a 'java/lang/NoSuchMethodError'{0x000000071210d470}: 'java.lang.Object java.lang.invoke.DirectMethodHandle$Holder.invokeStatic(java.lang.Object, int, java.lang.Object, java.lang.Object, java.lang.Object, java.lang.Object)'> (0x000000071210d470) thrown at [./src/hotspot/share/interpreter/linkResolver.cpp, line 773]
Event: 1.739 Thread 0x000001bbbd44a000 Exception <a 'java/lang/NoSuchMethodError'{0x0000000712114530}: 'java.lang.Object java.lang.invoke.DirectMethodHandle$Holder.invokeStatic(java.lang.Object, int, java.lang.Object, java.lang.Object, java.lang.Object)'> (0x0000000712114530) thrown at [./src/hotspot/share/interpreter/linkResolver.cpp, line 773]
Event: 1.739 Thread 0x000001bbbd44a000 Exception <a 'java/lang/NoSuchMethodError'{0x0000000712118078}: 'java.lang.Object java.lang.invoke.DirectMethodHandle$Holder.invokeSpecial(java.lang.Object, java.lang.Object, int, java.lang.Object, java.lang.Object, java.lang.Object)'> (0x0000000712118078) thrown at [./src/hotspot/share/interpreter/linkResolver.cpp, line 773]
Event: 1.763 Thread 0x000001bbbd44a000 Exception <a 'java/lang/ClassNotFoundException'{0x00000007121d77e0}: com/sun/swing/internal/plaf/metal/resources/spi/metalProvider> (0x00000007121d77e0) thrown at [./src/hotspot/share/classfile/systemDictionary.cpp, line 231]
Event: 1.764 Thread 0x000001bbbd44a000 Exception <a 'java/lang/ClassNotFoundException'{0x00000007121dbcd0}: com/sun/swing/internal/plaf/basic/resources/spi/basicProvider> (0x00000007121dbcd0) thrown at [./src/hotspot/share/classfile/systemDictionary.cpp, line 231]
Event: 1.828 Thread 0x000001bbbd44a000 Exception <a 'java/lang/NoSuchMethodError'{0x0000000711f586c0}: 'java.lang.Object java.lang.invoke.DirectMethodHandle$Holder.invokeStatic(java.lang.Object, java.lang.Object, java.lang.Object, java.lang.Object, java.lang.Object, java.lang.Object, java.lang.Object, java.lang.Object, java.lang.Object, java.lang.Object, java.lang.Object, int)'> (0x0000000711f586c0) thrown at [./src/hotspot/share/interpreter/linkResolver.cpp, line 773]
Event: 1.829 Thread 0x000001bbbd44a000 Exception <a 'java/lang/NoSuchMethodError'{0x0000000711f76868}: 'java.lang.Object java.lang.invoke.DirectMethodHandle$Holder.invokeStatic(java.lang.Object, java.lang.Object, java.lang.Object, java.lang.Object, java.lang.Object, java.lang.Object, java.lang.Object, java.lang.Object, java.lang.Object, java.lang.Object, java.lang.Object, int, int)'> (0x0000000711f76868) thrown at [./src/hotspot/share/interpreter/linkResolver.cpp, line 773]
Event: 1.832 Thread 0x000001bbbd44a000 Exception <a 'java/lang/NoSuchMethodError'{0x0000000711f95af8}: 'java.lang.Object java.lang.invoke.DirectMethodHandle$Holder.invokeStatic(java.lang.Object, java.lang.Object, java.lang.Object, java.lang.Object, java.lang.Object, java.lang.Object, java.lang.Object, java.lang.Object, java.lang.Object, java.lang.Object, java.lang.Object, int, int, java.lang.Object)'> (0x0000000711f95af8) thrown at [./src/hotspot/share/interpreter/linkResolver.cpp, line 773]
Event: 1.834 Thread 0x000001bbbd44a000 Exception <a 'java/lang/NoSuchMethodError'{0x0000000711fb5f10}: 'java.lang.Object java.lang.invoke.DirectMethodHandle$Holder.invokeStatic(java.lang.Object, java.lang.Object, java.lang.Object, java.lang.Object, java.lang.Object, java.lang.Object, java.lang.Object, java.lang.Object, java.lang.Object, java.lang.Object, java.lang.Object, int, int, java.lang.Object, java.lang.Object)'> (0x0000000711fb5f10) thrown at [./src/hotspot/share/interpreter/linkResolver.cpp, line 773]
Event: 1.889 Thread 0x000001bbbd44a000 Exception <a 'java/lang/NoSuchMethodError'{0x0000000711e22a68}: 'void java.lang.invoke.DirectMethodHandle$Holder.invokeStaticInit(java.lang.Object)'> (0x0000000711e22a68) thrown at [./src/hotspot/share/interpreter/linkResolver.cpp, line 773]
Event: 1.893 Thread 0x000001bbbd44a000 Exception <a 'java/lang/NoSuchMethodError'{0x0000000711e71430}: 'java.lang.Object java.lang.invoke.Invokers$Holder.linkToTargetMethod(java.lang.Object, int, java.lang.Object)'> (0x0000000711e71430) thrown at [./src/hotspot/share/interpreter/linkResolver.cpp, line 773]

Events (20 events):
Event: 3.949 Loaded shared library C:\Program Files\AdoptOpenJDK\jdk-11.0.10.9-hotspot\bin\java.dll
Event: 4.344 Loaded shared library C:\Program Files\AdoptOpenJDK\jdk-11.0.10.9-hotspot\bin\java.dll
Event: 4.386 Executing VM operation: RevokeBias
Event: 4.386 Executing VM operation: RevokeBias done
Event: 4.386 Executing VM operation: RevokeBias
Event: 4.386 Executing VM operation: RevokeBias done
Event: 4.386 Executing VM operation: RevokeBias
Event: 4.386 Executing VM operation: RevokeBias done
Event: 4.386 loading class javax/swing/SwingWorker$5
Event: 4.387 loading class javax/swing/SwingWorker$5 done
Event: 4.387 Executing VM operation: RevokeBias
Event: 4.387 Executing VM operation: RevokeBias done
Event: 4.387 Thread 0x000001bbbde0d800 Thread added: 0x000001bbbde0d800
Event: 4.387 Thread 0x000001bbbde0e800 Thread added: 0x000001bbbde0e800
Event: 4.388 Thread 0x000001bbbde0e800 Thread exited: 0x000001bbbde0e800
Event: 4.405 Executing VM operation: RevokeBias
Event: 4.406 Executing VM operation: RevokeBias done
Event: 4.406 Thread 0x000001bbbd902000 Thread exited: 0x000001bbbd902000
Event: 4.488 Thread 0x000001bbbde0d800 Thread exited: 0x000001bbbde0d800
Event: 4.488 Executing VM operation: Exit


Dynamic libraries:
0x00007ff782430000 - 0x00007ff78243d000 	C:\Program Files\AdoptOpenJDK\jdk-11.0.10.9-hotspot\bin\java.exe
0x00007ff938740000 - 0x00007ff938930000 	C:\Windows\SYSTEM32\ntdll.dll
0x00007ff938410000 - 0x00007ff9384c2000 	C:\Windows\System32\KERNEL32.DLL
0x00007ff935f70000 - 0x00007ff936215000 	C:\Windows\System32\KERNELBASE.dll
0x00007ff9356c0000 - 0x00007ff9357ba000 	C:\Windows\System32\ucrtbase.dll
0x00007ff922ad0000 - 0x00007ff922ae7000 	C:\Program Files\AdoptOpenJDK\jdk-11.0.10.9-hotspot\bin\jli.dll
0x00007ff922b80000 - 0x00007ff922b95000 	C:\Program Files\AdoptOpenJDK\jdk-11.0.10.9-hotspot\bin\VCRUNTIME140.dll
0x00007ff938270000 - 0x00007ff938404000 	C:\Windows\System32\USER32.dll
0x00007ff9154d0000 - 0x00007ff915754000 	C:\Windows\WinSxS\amd64_microsoft.windows.common-controls_6595b64144ccf1df_6.0.18362.1379_none_9e7ff3b3e45cc0c4\COMCTL32.dll
0x00007ff935f40000 - 0x00007ff935f61000 	C:\Windows\System32\win32u.dll
0x00007ff938500000 - 0x00007ff93859e000 	C:\Windows\System32\msvcrt.dll
0x00007ff937590000 - 0x00007ff9375b6000 	C:\Windows\System32\GDI32.dll
0x00007ff936630000 - 0x00007ff9367c8000 	C:\Windows\System32\gdi32full.dll
0x00007ff9375c0000 - 0x00007ff9378f7000 	C:\Windows\System32\combase.dll
0x00007ff936280000 - 0x00007ff93631e000 	C:\Windows\System32\msvcp_win.dll
0x00007ff936850000 - 0x00007ff93696f000 	C:\Windows\System32\RPCRT4.dll
0x00007ff936470000 - 0x00007ff9364f1000 	C:\Windows\System32\bcryptPrimitives.dll
0x00007ff9384d0000 - 0x00007ff9384fe000 	C:\Windows\System32\IMM32.DLL
0x00007ff8a6080000 - 0x00007ff8a611b000 	C:\Program Files\AdoptOpenJDK\jdk-11.0.10.9-hotspot\bin\msvcp140.dll
0x00007ff878ba0000 - 0x00007ff8796e3000 	C:\Program Files\AdoptOpenJDK\jdk-11.0.10.9-hotspot\bin\server\jvm.dll
0x00007ff936fa0000 - 0x00007ff937043000 	C:\Windows\System32\ADVAPI32.dll
0x00007ff938070000 - 0x00007ff938107000 	C:\Windows\System32\sechost.dll
0x00007ff937120000 - 0x00007ff937128000 	C:\Windows\System32\PSAPI.DLL
0x00007ff91ba80000 - 0x00007ff91ba89000 	C:\Windows\SYSTEM32\WSOCK32.dll
0x00007ff92fed0000 - 0x00007ff92fef4000 	C:\Windows\SYSTEM32\WINMM.dll
0x00007ff937900000 - 0x00007ff93796f000 	C:\Windows\System32\WS2_32.dll
0x00007ff92fea0000 - 0x00007ff92fecd000 	C:\Windows\SYSTEM32\WINMMBASE.dll
0x00007ff92cfe0000 - 0x00007ff92cfea000 	C:\Windows\SYSTEM32\VERSION.dll
0x00007ff936500000 - 0x00007ff93654a000 	C:\Windows\System32\cfgmgr32.dll
0x00007ff935600000 - 0x00007ff935611000 	C:\Windows\System32\kernel.appcore.dll
0x00007ff9311d0000 - 0x00007ff9311e0000 	C:\Program Files\AdoptOpenJDK\jdk-11.0.10.9-hotspot\bin\verify.dll
0x00007ff933d70000 - 0x00007ff933f64000 	C:\Windows\SYSTEM32\DBGHELP.DLL
0x00007ff91dbd0000 - 0x00007ff91dbfa000 	C:\Windows\SYSTEM32\dbgcore.DLL
0x00007ff922aa0000 - 0x00007ff922ac8000 	C:\Program Files\AdoptOpenJDK\jdk-11.0.10.9-hotspot\bin\java.dll
0x00007ff930fc0000 - 0x00007ff930fca000 	C:\Program Files\AdoptOpenJDK\jdk-11.0.10.9-hotspot\bin\jimage.dll
0x00007ff922a90000 - 0x00007ff922a9e000 	C:\Program Files\AdoptOpenJDK\jdk-11.0.10.9-hotspot\bin\instrument.dll
0x00007ff9228b0000 - 0x00007ff9228c7000 	C:\Program Files\AdoptOpenJDK\jdk-11.0.10.9-hotspot\bin\zip.dll
0x00007ff937970000 - 0x00007ff938058000 	C:\Windows\System32\SHELL32.dll
0x00007ff9385a0000 - 0x00007ff938647000 	C:\Windows\System32\shcore.dll
0x00007ff9357c0000 - 0x00007ff935f3b000 	C:\Windows\System32\windows.storage.dll
0x00007ff935690000 - 0x00007ff9356b3000 	C:\Windows\System32\profapi.dll
0x00007ff935620000 - 0x00007ff93566a000 	C:\Windows\System32\powrprof.dll
0x00007ff9355f0000 - 0x00007ff935600000 	C:\Windows\System32\UMPDC.dll
0x00007ff9371d0000 - 0x00007ff937222000 	C:\Windows\System32\shlwapi.dll
0x00007ff9367d0000 - 0x00007ff9367e7000 	C:\Windows\System32\cryptsp.dll
0x00007ff922890000 - 0x00007ff9228a9000 	C:\Program Files\AdoptOpenJDK\jdk-11.0.10.9-hotspot\bin\net.dll
0x00007ff930530000 - 0x00007ff930620000 	C:\Windows\SYSTEM32\WINHTTP.dll
0x00007ff934e30000 - 0x00007ff934e97000 	C:\Windows\system32\mswsock.dll
0x00007ff922870000 - 0x00007ff922882000 	C:\Program Files\AdoptOpenJDK\jdk-11.0.10.9-hotspot\bin\nio.dll
0x00007ff917be0000 - 0x00007ff917bfa000 	C:\Program Files\JetBrains\IntelliJ IDEA Community Edition 2020.3.2\bin\breakgen64.dll
0x00007ff8543e0000 - 0x00007ff857413000 	D:\Documents\opencv\build\java\x64\opencv_java440.dll
0x00007ff938110000 - 0x00007ff938267000 	C:\Windows\System32\ole32.dll
0x00007ff9369f0000 - 0x00007ff936ab5000 	C:\Windows\System32\OLEAUT32.dll
0x00007ff8a0720000 - 0x00007ff8a08b9000 	C:\Program Files\AdoptOpenJDK\jdk-11.0.10.9-hotspot\bin\awt.dll
0x00007ff932790000 - 0x00007ff93281f000 	C:\Windows\SYSTEM32\apphelp.dll
0x00007ff932880000 - 0x00007ff932919000 	C:\Windows\system32\uxtheme.dll
0x00007ff937450000 - 0x00007ff937585000 	C:\Windows\System32\MSCTF.dll
0x00007ff89ddf0000 - 0x00007ff89deec000 	C:\ProgramData\A-Volute\DellInc.AlienwareSoundCenter\Modules\ScheduledModules\x64\DellInc.AlienwareSoundCenterDevProps2.dll
0x00007ff89def0000 - 0x00007ff89df9c000 	C:\ProgramData\A-Volute\DellInc.AlienwareSoundCenter\Modules\ScheduledModules\x64\NahimicOSD.dll
0x00007ff92f260000 - 0x00007ff92f281000 	C:\ProgramData\A-Volute\DellInc.AlienwareSoundCenter\Modules\ScheduledModules\x64\ProductInfo.dll
0x00007ff938650000 - 0x00007ff9386f2000 	C:\Windows\System32\clbcatq.dll
0x00007ff8b0690000 - 0x00007ff8b06a8000 	C:\Windows\System32\devenum.dll
0x00007ff936b30000 - 0x00007ff936fa0000 	C:\Windows\System32\setupapi.dll
0x00007ff936550000 - 0x00007ff936576000 	C:\Windows\System32\bcrypt.dll
0x00007ff934740000 - 0x00007ff934771000 	C:\Windows\SYSTEM32\ntmarta.dll
0x00007ff9353d0000 - 0x00007ff9353fa000 	C:\Windows\SYSTEM32\DEVOBJ.dll
0x00007ff936220000 - 0x00007ff93627c000 	C:\Windows\System32\WINTRUST.dll
0x000001bb988d0000 - 0x000001bb988e2000 	C:\Windows\System32\MSASN1.dll
0x00007ff936320000 - 0x00007ff93646a000 	C:\Windows\System32\CRYPT32.dll
0x00007ff931190000 - 0x00007ff93119b000 	C:\Windows\SYSTEM32\msdmo.dll
0x00007ff911440000 - 0x00007ff911474000 	C:\Windows\System32\qcap.dll
0x00007ff89efe0000 - 0x00007ff89f1a4000 	C:\Windows\System32\quartz.dll
0x00007ff910de0000 - 0x00007ff910e2c000 	C:\Windows\System32\mfksproxy.dll
0x00007ff91ba40000 - 0x00007ff91ba5c000 	C:\Windows\System32\ATL.DLL
0x00007ff92ec50000 - 0x00007ff92ee4a000 	C:\Windows\System32\MFPlat.DLL
0x00007ff92ebe0000 - 0x00007ff92ec0f000 	C:\Windows\System32\RTWorkQ.DLL
0x00007ff872d60000 - 0x00007ff87314c000 	C:\Windows\System32\MFCORE.dll
0x00007ff91d4d0000 - 0x00007ff91d4d9000 	C:\Windows\System32\ksuser.dll
0x00007ff935000000 - 0x00007ff93500c000 	C:\Windows\System32\CRYPTBASE.DLL
0x00007ff910c60000 - 0x00007ff910cb5000 	C:\Windows\System32\FSClient.dll
0x00007ff90f2d0000 - 0x00007ff90f32c000 	C:\Windows\System32\MFSENSORGROUP.dll
0x00007ff931fb0000 - 0x00007ff93220b000 	C:\Windows\System32\d3d11.dll
0x00007ff9342c0000 - 0x00007ff9343ab000 	C:\Windows\System32\dxgi.dll
0x00007ff934230000 - 0x00007ff934250000 	C:\Windows\SYSTEM32\dxcore.dll
0x00007ff92eae0000 - 0x00007ff92eaea000 	C:\Windows\System32\AVRT.dll
0x00007ff9187e0000 - 0x00007ff9187ed000 	C:\Windows\System32\vidcap.ax
0x00007ff9072c0000 - 0x00007ff9072e6000 	C:\Windows\System32\kswdmcap.ax
0x00007ff882590000 - 0x00007ff8826f2000 	C:\Windows\System32\MFC42.dll
0x00007ff8b0ef0000 - 0x00007ff8b1029000 	C:\Windows\System32\MFReadWrite.dll
0x00007ff8a0f30000 - 0x00007ff8a0fd1000 	C:\Windows\System32\qedit.dll
0x00007ff937050000 - 0x00007ff937120000 	C:\Windows\System32\COMDLG32.dll
0x00007ff8f0530000 - 0x00007ff8f0559000 	C:\Windows\System32\MSVFW32.dll
0x00007ff921c70000 - 0x00007ff921e16000 	C:\Windows\WinSxS\amd64_microsoft.windows.gdiplus_6595b64144ccf1df_1.1.18362.1379_none_cf6ae6993eef3a92\gdiplus.dll
0x00007ff9077f0000 - 0x00007ff9078e7000 	C:\Windows\System32\DDRAW.dll
0x00007ff92ff30000 - 0x00007ff92ff38000 	C:\Windows\System32\DCIMAN32.dll
0x00007ff9187c0000 - 0x00007ff9187cc000 	C:\Windows\SYSTEM32\msyuv.dll
0x00007ff89d140000 - 0x00007ff89d1c9000 	C:\Program Files (x86)\Overwolf\0.166.1.16\OWExplorer.dll
0x00007ff9338e0000 - 0x00007ff93390d000 	C:\Windows\system32\DWMAPI.DLL
0x00007ff9022a0000 - 0x00007ff9023f6000 	C:\Windows\system32\opengl32.dll
0x00007ff9029a0000 - 0x00007ff9029cc000 	C:\Windows\SYSTEM32\GLU32.dll
0x00007ff911000000 - 0x00007ff911085000 	C:\Program Files\AdoptOpenJDK\jdk-11.0.10.9-hotspot\bin\freetype.dll
0x00007ff9118d0000 - 0x00007ff9118e2000 	C:\Program Files\AdoptOpenJDK\jdk-11.0.10.9-hotspot\bin\fontmanager.dll
0x00007ff8a5bb0000 - 0x00007ff8a5c6c000 	C:\Program Files\AdoptOpenJDK\jdk-11.0.10.9-hotspot\bin\harfbuzz.dll
0x00007ff90bb80000 - 0x00007ff90bc1d000 	C:\Windows\System32\TextInputFramework.dll
0x00007ff92ca50000 - 0x00007ff92cd7a000 	C:\Windows\System32\CoreUIComponents.dll
0x00007ff932580000 - 0x00007ff932654000 	C:\Windows\System32\CoreMessaging.dll
0x00007ff932cb0000 - 0x00007ff932e02000 	C:\Windows\SYSTEM32\wintypes.dll
0x00007ff921160000 - 0x00007ff921407000 	C:\Windows\System32\iertutil.dll

dbghelp: loaded successfully - version: 4.0.5 - missing functions: none
symbol engine: initialized successfully - sym options: 0x614 - pdb path: .;C:\Program Files\AdoptOpenJDK\jdk-11.0.10.9-hotspot\bin;C:\Windows\SYSTEM32;C:\Windows\WinSxS\amd64_microsoft.windows.common-controls_6595b64144ccf1df_6.0.18362.1379_none_9e7ff3b3e45cc0c4;C:\Program Files\AdoptOpenJDK\jdk-11.0.10.9-hotspot\bin\server;C:\Program Files\JetBrains\IntelliJ IDEA Community Edition 2020.3.2\bin;D:\Documents\opencv\build\java\x64;C:\ProgramData\A-Volute\DellInc.AlienwareSoundCenter\Modules\ScheduledModules\x64;C:\Windows\WinSxS\amd64_microsoft.windows.gdiplus_6595b64144ccf1df_1.1.18362.1379_none_cf6ae6993eef3a92;C:\Program Files (x86)\Overwolf\0.166.1.16

VM Arguments:
jvm_args: -Djava.library.path=D:\Documents\opencv\build\java\x64 -javaagent:C:\Program Files\JetBrains\IntelliJ IDEA Community Edition 2020.3.2\lib\idea_rt.jar=53471:C:\Program Files\JetBrains\IntelliJ IDEA Community Edition 2020.3.2\bin -Dfile.encoding=UTF-8 
java_command: main.java.ThresholdInRange
java_class_path (initial): D:\Documents\Code\Java\OutOfTheBox\OpenCVTests\out\production\OpenCVTests;C:\Program Files\JetBrains\IntelliJ IDEA Community Edition 2020.3.2\plugins\Kotlin\kotlinc\lib\kotlin-stdlib.jar;C:\Program Files\JetBrains\IntelliJ IDEA Community Edition 2020.3.2\plugins\Kotlin\kotlinc\lib\kotlin-reflect.jar;C:\Program Files\JetBrains\IntelliJ IDEA Community Edition 2020.3.2\plugins\Kotlin\kotlinc\lib\kotlin-test.jar;D:\Documents\opencv\build\java\opencv-440.jar
Launcher Type: SUN_STANDARD

[Global flags]
     intx CICompilerCount                          = 4                                         {product} {ergonomic}
     uint ConcGCThreads                            = 3                                         {product} {ergonomic}
     uint G1ConcRefinementThreads                  = 10                                        {product} {ergonomic}
   size_t G1HeapRegionSize                         = 1048576                                   {product} {ergonomic}
    uintx GCDrainStackTargetSize                   = 64                                        {product} {ergonomic}
   size_t InitialHeapSize                          = 266338304                                 {product} {ergonomic}
   size_t MarkStackSize                            = 4194304                                   {product} {ergonomic}
   size_t MaxHeapSize                              = 4248829952                                {product} {ergonomic}
   size_t MaxNewSize                               = 2549088256                                {product} {ergonomic}
   size_t MinHeapDeltaBytes                        = 1048576                                   {product} {ergonomic}
    uintx NonNMethodCodeHeapSize                   = 5836300                                {pd product} {ergonomic}
    uintx NonProfiledCodeHeapSize                  = 122910970                              {pd product} {ergonomic}
    uintx ProfiledCodeHeapSize                     = 122910970                              {pd product} {ergonomic}
    uintx ReservedCodeCacheSize                    = 251658240                              {pd product} {ergonomic}
     bool SegmentedCodeCache                       = true                                      {product} {ergonomic}
     bool UseCompressedClassPointers               = true                                 {lp64_product} {ergonomic}
     bool UseCompressedOops                        = true                                 {lp64_product} {ergonomic}
     bool UseG1GC                                  = true                                      {product} {ergonomic}
     bool UseLargePagesIndividualAllocation        = false                                  {pd product} {ergonomic}

Logging:
Log output configuration:
 #0: stdout all=warning uptime,level,tags
 #1: stderr all=off uptime,level,tags

Environment Variables:
JAVA_HOME=C:\Program Files\AdoptOpenJDK\jdk-11.0.10.9-hotspot\
PATH=C:\Program Files\NVIDIA GPU Computing Toolkit\CUDA\v11.2\bin;C:\Program Files\NVIDIA GPU Computing Toolkit\CUDA\v11.2\libnvvp;C:\Program Files\AdoptOpenJDK\jdk-11.0.10.9-hotspot\bin;C:\Program Files\Common Files\Oracle\Java\javapath;D:\Program Files\NVidia Cuda\10.1\Dev\bin;D:\Program Files\NVidia Cuda\10.1\Dev\libnvvp;D:\Program Files\NVidia Cuda\Dev\bin;D:\Program Files\NVidia Cuda\Dev\libnvvp;D:\Program Files\AdoptOpenJDK\jdk-8.0.252.09-hotspot\bin;C:\Program Files (x86)\Common Files\Oracle\Java\javapath;C:\Windows\system32;C:\Windows;C:\Windows\System32\Wbem;C:\Windows\System32\WindowsPowerShell\v1.0\;C:\Windows\System32\OpenSSH\;C:\Program Files (x86)\NVIDIA Corporation\PhysX\Common;C:\Program Files\NVIDIA Corporation\NVIDIA NvDLISR;C:\Program Files (x86)\Windows Kits\8.1\Windows Performance Toolkit\;C:\Program Files\Git\cmd;C:\Program Files\Microsoft SQL Server\130\Tools\Binn\;C:\Program Files (x86)\Windows Kits\10\Windows Performance Toolkit\;C:\Program Files\Microsoft SQL Server\Client SDK\ODBC\170\Tools\Binn\;C:\Program Files\dotnet\;D:\Program Files\NodeJS\;C:\ProgramData\chocolatey\bin;C:\Program Files\NVIDIA Corporation\Nsight Compute 2020.3.1\;C:\Users\eeshw\AppData\Local\Programs\Python\Python37\Scripts\;C:\Users\eeshw\AppData\Local\Programs\Python\Python37\;C:\Users\eeshw\AppData\Local\Programs\Python\Python39\Scripts\;C:\Users\eeshw\AppData\Local\Programs\Python\Python39\;C:\Users\eeshw\AppData\Local\Programs\Python\Python38\Scripts\;C:\Users\eeshw\AppData\Local\Programs\Python\Python38\;D:\Program Files\Anaconda;D:\Program Files\Anaconda\Library\mingw-w64\bin;D:\Program Files\Anaconda\Library\usr\bin;D:\Program Files\Anaconda\Library\bin;D:\Program Files\Anaconda\Scripts;D:\Downloads\ffmpeg-20200716-d11cc74-win64-static\ffmpeg-20200716-d11cc74-win64-static\bin;C:\Users\eeshw\AppData\Local\Programs\Fiddler;D:\Program Files (x86)\MiKTeX\miktex\bin\x64\;C:\Program Files\CMake\bin;D:\Program Files\CMake\bin;D:\Downloads\exiftool-12.07;D:\Program Files
USERNAME=eeshw
OS=Windows_NT
PROCESSOR_IDENTIFIER=Intel64 Family 6 Model 158 Stepping 10, GenuineIntel



---------------  S Y S T E M  ---------------

OS: Windows 10 , 64 bit Build 18362 (10.0.18362.1350)
OS uptime: 1 days 13:37 hours

CPU:total 12 (initial active 12) (6 cores per cpu, 2 threads per core) family 6 model 158 stepping 10 microcode 0xde, cmov, cx8, fxsr, mmx, sse, sse2, sse3, ssse3, sse4.1, sse4.2, popcnt, avx, avx2, aes, clmul, erms, 3dnowpref, lzcnt, ht, tsc, tscinvbit, bmi1, bmi2, adx, fma

Memory: 4k page, system-wide physical 16201M (4404M free)
TotalPageFile size 31332M (AvailPageFile size 3927M)
current process WorkingSet (physical memory assigned to process): 482M, peak: 482M
current process commit charge ("private bytes"): 457M, peak: 457M

vm_info: OpenJDK 64-Bit Server VM (11.0.10+9) for windows-amd64 JRE (11.0.10+9), built on Jan 20 2021 06:07:07 by "" with MS VC++ 15.9 (VS2017)

END.
